#
# A fatal error has been detected by the Java Runtime Environment:
#
#  SIGSEGV (0xb) at pc=0x00007fff2bf2c7c7, pid=5221, tid=10243
#
# JRE version: OpenJDK Runtime Environment AdoptOpenJDK (11.0.10+9) (build 11.0.10+9)
# Java VM: OpenJDK 64-Bit Server VM AdoptOpenJDK (11.0.10+9, mixed mode, tiered, compressed oops, g1 gc, bsd-amd64)
# Problematic frame:
# C  [HIToolbox+0x257c7]  HIMenuBarView::MeasureAppMenus()+0xcf
#
# No core dump will be written. Core dumps have been disabled. To enable core dumping, try "ulimit -c unlimited" before starting Java again
#
# If you would like to submit a bug report, please visit:
#   https://github.com/AdoptOpenJDK/openjdk-support/issues
# The crash happened outside the Java Virtual Machine in native code.
# See problematic frame for where to report the bug.
#

---------------  S U M M A R Y ------------

Command Line: -Djava.library.path=/Users/david/workspace/perso/trijam-135/build/classes/kotlin/jvm/main:/Users/david/workspace/perso/trijam-135/build/processedResources/jvm/main:/Users/david/workspace/perso/3d-skeleton/build/classes/kotlin/jvm/main:/Users/david/workspace/perso/3d-skeleton/build/processedResources/jvm/main -javaagent:/Users/david/Library/Application Support/JetBrains/Toolbox/apps/IDEA-U/ch-0/212.5080.55/IntelliJ IDEA.app/Contents/lib/idea_rt.jar=50906:/Users/david/Library/Application Support/JetBrains/Toolbox/apps/IDEA-U/ch-0/212.5080.55/IntelliJ IDEA.app/Contents/bin -Dfile.encoding=UTF-8 your.game.Main

Host: MacBookPro14,3 x86_64 2800 MHz, 8 cores, 16G, Darwin 19.6.0
Time: Sat Sep  4 23:12:49 2021 CEST elapsed time: 0.522211 seconds (0d 0h 0m 0s)

---------------  T H R E A D  ---------------

Current thread (0x00007fae77809000):  JavaThread "main" [_thread_in_native, id=10243, stack(0x0000700008108000,0x0000700008208000)]

Stack: [0x0000700008108000,0x0000700008208000],  sp=0x0000700008206090,  free space=1016k
Native frames: (J=compiled Java code, A=aot compiled Java code, j=interpreted, Vv=VM code, C=native code)
C  [HIToolbox+0x257c7]  HIMenuBarView::MeasureAppMenus()+0xcf
C  [HIToolbox+0x25367]  HIMenuBarView::EnsureBarLayout()+0x1a3
C  [HIToolbox+0x24c77]  HIMenuBarView::DrawOnce(CGRect, CGRect, bool, bool, CGContext*)+0x243
C  [HIToolbox+0x2494e]  HIMenuBarView::DrawSelf(short, __HIShape const*, CGContext*)+0x23a
C  [HIToolbox+0x243b6]  HIMenuBarView::DrawWithoutCustomization(short, __HIShape const*, CGContext*)+0x52
C  [HIToolbox+0x2434e]  HIMenuBarView::DrawingDelegateHandler(OpaqueEventHandlerCallRef*, OpaqueEventRef*, void*)+0x102
C  [HIToolbox+0x88ff]  DispatchEventToHandlers(EventTargetRec*, OpaqueEventRef*, HandlerCallRec*)+0x4e6
C  [HIToolbox+0x7d8d]  SendEventToEventTargetInternal(OpaqueEventRef*, OpaqueEventTargetRef*, HandlerCallRec*)+0x149
C  [HIToolbox+0x7c3d]  SendEventToEventTargetWithOptions+0x2d
C  [HIToolbox+0x23ecd]  HIView::SendDraw(short, OpaqueGrafPtr*, __HIShape const*, CGContext*)+0x145
C  [HIToolbox+0x23967]  HIView::RecursiveDrawComposited(__HIShape const*, __HIShape const*, unsigned int, HIView*, CGContext*, unsigned char, double)+0x23f
C  [HIToolbox+0x23b61]  HIView::RecursiveDrawComposited(__HIShape const*, __HIShape const*, unsigned int, HIView*, CGContext*, unsigned char, double)+0x439
C  [HIToolbox+0x23399]  HIView::DrawComposited(short, OpaqueGrafPtr*, __HIShape const*, unsigned int, HIView*, CGContext*)+0x32f
C  [HIToolbox+0x2305b]  HIView::Render(unsigned int, CGContext*)+0x33
C  [HIToolbox+0x22783]  WindowData::PrepareForVisibility()+0x99
C  [HIToolbox+0x789c8]  _ShowHideWindows+0x11e
C  [HIToolbox+0x221b4]  ShowHide+0x23
C  [HIToolbox+0x12217]  MBWindows::GetWindowOnDisplay(unsigned int, unsigned char)+0x127
C  [HIToolbox+0x11ff7]  MenuBarInstance::ForEachWindowDo(unsigned char, bool (OpaqueWindowPtr*, unsigned int) block_pointer)+0xb7
C  [HIToolbox+0x11efb]  MenuBarInstance::SetBoundsAndUpdateResolution()+0x67
C  [HIToolbox+0x11a72]  MenuBarInstance::Show(MenuBarAnimationStyle, unsigned char, unsigned char, unsigned char, unsigned char)+0x118
C  [HIToolbox+0x114aa]  MenuBarInstance::UpdateAggregateUIMode(MenuBarAnimationStyle, unsigned char, unsigned char, unsigned char)+0x324
C  [HIToolbox+0x110aa]  MenuBarInstance::ForEachMenuBarDo(void (MenuBarInstance*) block_pointer)+0x2e
C  [HIToolbox+0x11042]  UpdateAllAggregateUIModes(MenuBarAnimationStyle, unsigned char)+0x7e
C  [HIToolbox+0x10fae]  SetSystemUIMode+0xa5
C  [AppKit+0x320fb]  -[NSApplication finishLaunching]+0x2dc
C  [AppKit+0x31af0]  -[NSApplication run]+0xf4
C  [libglfw.dylib+0x10a85]
[error occurred during error reporting (printing native stack), id 0xe0000000, Internal Error (./src/hotspot/os/bsd/decoder_machO.hpp:43)]

Java frames: (J=compiled Java code, j=interpreted, Vv=VM code)
j  org.lwjgl.system.JNI.invokePPPP(IIJJJJ)J+0
j  org.lwjgl.glfw.GLFW.nglfwCreateWindow(IIJJJ)J+14
j  org.lwjgl.glfw.GLFW.glfwCreateWindow(IILjava/lang/CharSequence;JJ)J+37
j  com.github.dwursteisen.minigdx.PlatformContextCommon.start(Lkotlin/jvm/functions/Function1;)V+90
j  com.github.dwursteisen.minigdx.GameApplicationBuilder.start()V+27
j  your.game.Main.main([Ljava/lang/String;)V+25
v  ~StubRoutines::call_stub

siginfo: si_signo: 11 (SIGSEGV), si_code: 1 (SEGV_MAPERR), si_addr: 0x0000000000000008

Register to memory mapping:

RAX=0x0 is NULL
RBX=0x0000000000000002 is an unknown value
RCX=0x00007fae7343de70 points into unknown readable memory: 0x00007fff8489a070 | 70 a0 89 84 ff 7f 00 00
RDX=0x0 is NULL
RSP=0x0000700008206090 is pointing into the stack for thread: 0x00007fae77809000
RBP=0x00007000082060c0 is pointing into the stack for thread: 0x00007fae77809000
RSI=0x00007fae7343d630 points into unknown readable memory: 0x00007fae7343de70 | 70 de 43 73 ae 7f 00 00
RDI=0x0000700008205fb0 is pointing into the stack for thread: 0x00007fae77809000
R8 =0x0000000000000008 is an unknown value
R9 =0x0000700008205fb0 is pointing into the stack for thread: 0x00007fae77809000
R10=0x0000700008205fb0 is pointing into the stack for thread: 0x00007fae77809000
R11=0xfffff05194dc8980 is an unknown value
R12=0x00007fae7343de70 points into unknown readable memory: 0x00007fff8489a070 | 70 a0 89 84 ff 7f 00 00
R13=0x0 is NULL
R14=0x0 is NULL
R15=0x00007fae74b79c00 points into unknown readable memory: 0x00007fff8488cb18 | 18 cb 88 84 ff 7f 00 00


Registers:
RAX=0x0000000000000000, RBX=0x0000000000000002, RCX=0x00007fae7343de70, RDX=0x0000000000000000
RSP=0x0000700008206090, RBP=0x00007000082060c0, RSI=0x00007fae7343d630, RDI=0x0000700008205fb0
R8 =0x0000000000000008, R9 =0x0000700008205fb0, R10=0x0000700008205fb0, R11=0xfffff05194dc8980
R12=0x00007fae7343de70, R13=0x0000000000000000, R14=0x0000000000000000, R15=0x00007fae74b79c00
RIP=0x00007fff2bf2c7c7, EFLAGS=0x0000000000010202, ERR=0x0000000000000004
  TRAPNO=0x000000000000000e

Top of Stack: (sp=0x0000700008206090)
0x0000700008206090:   0000000000000003 42e60000428c0000
0x00007000082060a0:   0000700008206001 00007fae74b79c00
0x00007000082060b0:   0000000000000000 0000000000000060
0x00007000082060c0:   0000700008206130 00007fff2bf2c367
0x00007000082060d0:   00007000082060f0 44f0000000000000
0x00007000082060e0:   00007fae74c389a0 0000000000000000
0x00007000082060f0:   0000700008206110 0000000000000000
0x0000700008206100:   0000000042e60000 00007fae74b79c00
0x0000700008206110:   00007fae74b79c00 0000000000000000
0x0000700008206120:   0000000000000000 0000700008206301
0x0000700008206130:   0000700008206290 00007fff2bf2bc77
0x0000700008206140:   000000000009d1af 00007fae73421630
0x0000700008206150:   0000700008206190 00007fff5c777955
0x0000700008206160:   0000700008206190 00007fff5c7778ac
0x0000700008206170:   eba998d924800043 00007fae73421630
0x0000700008206180:   000000000009d1af 00007fae73421660
0x0000700008206190:   00007000082061c0 00007fff5c591aaa
0x00007000082061a0:   0000000000000000 00007fae74c281e0
0x00007000082061b0:   000000000009d1af 00007fff646cd585
0x00007000082061c0:   0000700008206210 00007fff5c5919c6
0x00007000082061d0:   0000700008206240 0009d1af67587d8b
0x00007000082061e0:   0000700000000000 00007fff646cd585
0x00007000082061f0:   0000700008206220 00007fff5c73b680
0x0000700008206200:   eba998d924800043 00007fae74820680
0x0000700008206210:   000000000009d1af 00007000082062b0
0x0000700008206220:   0000700008206280 00007fff5c594d6a
0x0000700008206230:   0000000000000000 0005000200000000
0x0000700008206240:   0000002020000000 00007fae74820680
0x0000700008206250:   eba998d924800043 00007fae73753870
0x0000700008206260:   00007fae74b79c00 0000000000000008
0x0000700008206270:   00007fae74b79c00 00007fae73753870
0x0000700008206280:   0000000000000001 0000700008206340 

Instructions: (pc=0x00007fff2bf2c7c7)
0x00007fff2bf2c6c7:   c3 72 04 eb 07 31 db ff c3 41 89 de 48 8b 7d d8
0x00007fff2bf2c6d7:   e8 46 9f fe ff 44 89 f0 48 83 c4 18 5b 41 5e 41
0x00007fff2bf2c6e7:   5f 5d c3 90 90 90 90 90 90 90 90 90 90 90 90 90
0x00007fff2bf2c6f7:   90 55 48 89 e5 41 57 41 56 41 54 53 48 83 ec 10
0x00007fff2bf2c707:   49 89 ff 48 8b 87 78 02 00 00 48 63 30 48 85 f6
0x00007fff2bf2c717:   74 18 49 8b bf 50 02 00 00 e8 e2 8f 05 00 49 89
0x00007fff2bf2c727:   c6 49 8b 87 78 02 00 00 eb 03 45 31 f6 31 db 41
0x00007fff2bf2c737:   f6 87 a8 02 00 00 20 0f 94 c3 4c 8d 25 08 aa 28
0x00007fff2bf2c747:   00 48 83 78 08 00 75 2e 8b 00 85 c0 7e 04 ff c8
0x00007fff2bf2c757:   eb 0c 49 8b bf 50 02 00 00 e8 6c fd ff ff 48 63
0x00007fff2bf2c767:   f8 be 04 00 00 00 e8 a0 74 27 00 49 8b 8f 78 02
0x00007fff2bf2c777:   00 00 48 89 41 08 f3 41 0f 10 04 9c f3 0f 11 45
0x00007fff2bf2c787:   dc 49 8b bf 50 02 00 00 e8 ec 00 00 00 49 8b bf
0x00007fff2bf2c797:   50 02 00 00 e8 f9 9a fe ff 4c 39 f0 74 7e 49 89
0x00007fff2bf2c7a7:   c4 31 db f3 0f 10 45 dc 49 8b 87 58 02 00 00 f3
0x00007fff2bf2c7b7:   0f 11 45 dc f3 0f 11 04 98 49 8b 87 78 02 00 00
0x00007fff2bf2c7c7:   48 8b 48 08 4c 89 ff 4c 89 e6 ba 01 00 00 00 41
0x00007fff2bf2c7d7:   89 d8 e8 c8 00 00 00 f3 0f 11 45 d8 4c 89 e7 e8
0x00007fff2bf2c7e7:   45 b1 fe ff 84 c0 74 07 41 89 9f 6c 02 00 00 f3
0x00007fff2bf2c7f7:   0f 10 45 dc f3 0f 58 45 d8 f3 0f 11 45 dc 49 8b
0x00007fff2bf2c807:   bf 50 02 00 00 e8 88 9a fe ff f3 0f 10 45 dc 49
0x00007fff2bf2c817:   89 c4 48 ff c3 4c 39 f0 75 8e eb 07 31 db f3 0f
0x00007fff2bf2c827:   10 45 dc 41 8b 87 68 02 00 00 39 c3 7d 1b 89 d9
0x00007fff2bf2c837:   48 c1 e1 02 49 03 8f 58 02 00 00 f3 0f 11 01 48
0x00007fff2bf2c847:   83 c1 04 ff c3 39 d8 7f f2 f3 41 0f 11 87 70 02
0x00007fff2bf2c857:   00 00 49 8b 87 78 02 00 00 f3 0f 11 40 28 48 83
0x00007fff2bf2c867:   c4 10 5b 41 5c 41 5e 41 5f 5d c3 90 90 90 90 90
0x00007fff2bf2c877:   90 90 90 90 90 90 90 90 90 55 48 89 e5 31 c0 88
0x00007fff2bf2c887:   47 4c 38 47 48 b9 06 00 00 00 0f 45 c8 89 4f 38
0x00007fff2bf2c897:   48 c7 47 40 00 00 00 00 31 c0 5d c3 90 90 90 55
0x00007fff2bf2c8a7:   48 89 e5 41 57 41 56 41 55 41 54 53 48 83 ec 58
0x00007fff2bf2c8b7:   49 89 cc 41 89 d5 48 89 f3 49 89 fe 31 c0 48 89 


Stack slot to memory mapping:
stack at sp + 0 slots: 0x0000000000000003 is an unknown value
stack at sp + 1 slots: 0x42e60000428c0000 is an unknown value
stack at sp + 2 slots: 0x0000700008206001 is pointing into the stack for thread: 0x00007fae77809000
stack at sp + 3 slots: 0x00007fae74b79c00 points into unknown readable memory: 0x00007fff8488cb18 | 18 cb 88 84 ff 7f 00 00
stack at sp + 4 slots: 0x0 is NULL
stack at sp + 5 slots: 0x0000000000000060 is an unknown value
stack at sp + 6 slots: 0x0000700008206130 is pointing into the stack for thread: 0x00007fae77809000
stack at sp + 7 slots: 0x00007fff2bf2c367: _ZN13HIMenuBarView15EnsureBarLayoutEv+0x1a3 in /System/Library/Frameworks/Carbon.framework/Versions/A/Frameworks/HIToolbox.framework/Versions/A/HIToolbox at 0x00007fff2bf07000


---------------  P R O C E S S  ---------------

Threads class SMR info:
_java_thread_list=0x00007fae748151c0, length=10, elements={
0x00007fae77809000, 0x00007fae77870000, 0x00007fae77875000, 0x00007fae77878800,
0x00007fae7400a800, 0x00007fae76060000, 0x00007fae7400e000, 0x00007fae7503b000,
0x00007fae758bd000, 0x00007fae7408b000
}

Java Threads: ( => current thread )
=>0x00007fae77809000 JavaThread "main" [_thread_in_native, id=10243, stack(0x0000700008108000,0x0000700008208000)]
  0x00007fae77870000 JavaThread "Reference Handler" daemon [_thread_blocked, id=19715, stack(0x000070000881d000,0x000070000891d000)]
  0x00007fae77875000 JavaThread "Finalizer" daemon [_thread_blocked, id=18947, stack(0x0000700008920000,0x0000700008a20000)]
  0x00007fae77878800 JavaThread "Signal Dispatcher" daemon [_thread_blocked, id=16899, stack(0x0000700008b29000,0x0000700008c29000)]
  0x00007fae7400a800 JavaThread "Service Thread" daemon [_thread_blocked, id=43267, stack(0x0000700008c2c000,0x0000700008d2c000)]
  0x00007fae76060000 JavaThread "C2 CompilerThread0" daemon [_thread_blocked, id=22019, stack(0x0000700008d2f000,0x0000700008e2f000)]
  0x00007fae7400e000 JavaThread "C1 CompilerThread0" daemon [_thread_blocked, id=22531, stack(0x0000700008e32000,0x0000700008f32000)]
  0x00007fae7503b000 JavaThread "Sweeper thread" daemon [_thread_blocked, id=23299, stack(0x0000700008f35000,0x0000700009035000)]
  0x00007fae758bd000 JavaThread "Common-Cleaner" daemon [_thread_blocked, id=41987, stack(0x0000700009038000,0x0000700009138000)]
  0x00007fae7408b000 JavaThread "Monitor Ctrl-Break" daemon [_thread_in_native, id=41475, stack(0x000070000913b000,0x000070000923b000)]

Other Threads:
  0x00007fae7701b000 VMThread "VM Thread" [stack: 0x000070000871a000,0x000070000881a000] [id=19971]
  0x00007fae77964000 WatcherThread [stack: 0x000070000923e000,0x000070000933e000] [id=24067]
  0x00007fae77011000 GCTaskThread "GC Thread#0" [stack: 0x000070000820b000,0x000070000830b000] [id=12035]
  0x00007fae7603e000 ConcurrentGCThread "G1 Main Marker" [stack: 0x000070000830e000,0x000070000840e000] [id=21251]
  0x00007fae7603f000 ConcurrentGCThread "G1 Conc#0" [stack: 0x0000700008411000,0x0000700008511000] [id=20739]
  0x00007fae75031000 ConcurrentGCThread "G1 Refine#0" [stack: 0x0000700008514000,0x0000700008614000] [id=13315]
  0x00007fae75032000 ConcurrentGCThread "G1 Young RemSet Sampling" [stack: 0x0000700008617000,0x0000700008717000] [id=13827]

Threads with active compile tasks:

VM state:not at safepoint (normal execution)

VM Mutex/Monitor currently owned by a thread: None

Heap address: 0x0000000700000000, size: 4096 MB, Compressed Oops mode: Zero based, Oop shift amount: 3
Narrow klass base: 0x0000000800000000, Narrow klass shift: 0
Compressed class space size: 1073741824 Address: 0x0000000800000000

Heap:
 garbage-first heap   total 262144K, used 8192K [0x0000000700000000, 0x0000000800000000)
  region size 1024K, 10 young (10240K), 0 survivors (0K)
 Metaspace       used 9460K, capacity 9690K, committed 9856K, reserved 1058816K
  class space    used 798K, capacity 867K, committed 896K, reserved 1048576K
Heap Regions: E=young(eden), S=young(survivor), O=old, HS=humongous(starts), HC=humongous(continues), CS=collection set, F=free, A=archive, TAMS=top-at-mark-start (previous, next)
|   0|0x0000000700000000, 0x0000000700000000, 0x0000000700100000|  0%| F|  |TAMS 0x0000000700000000, 0x0000000700000000| Untracked 
|   1|0x0000000700100000, 0x0000000700100000, 0x0000000700200000|  0%| F|  |TAMS 0x0000000700100000, 0x0000000700100000| Untracked 
|   2|0x0000000700200000, 0x0000000700200000, 0x0000000700300000|  0%| F|  |TAMS 0x0000000700200000, 0x0000000700200000| Untracked 
|   3|0x0000000700300000, 0x0000000700300000, 0x0000000700400000|  0%| F|  |TAMS 0x0000000700300000, 0x0000000700300000| Untracked 
|   4|0x0000000700400000, 0x0000000700400000, 0x0000000700500000|  0%| F|  |TAMS 0x0000000700400000, 0x0000000700400000| Untracked 
|   5|0x0000000700500000, 0x0000000700500000, 0x0000000700600000|  0%| F|  |TAMS 0x0000000700500000, 0x0000000700500000| Untracked 
|   6|0x0000000700600000, 0x0000000700600000, 0x0000000700700000|  0%| F|  |TAMS 0x0000000700600000, 0x0000000700600000| Untracked 
|   7|0x0000000700700000, 0x0000000700700000, 0x0000000700800000|  0%| F|  |TAMS 0x0000000700700000, 0x0000000700700000| Untracked 
|   8|0x0000000700800000, 0x0000000700800000, 0x0000000700900000|  0%| F|  |TAMS 0x0000000700800000, 0x0000000700800000| Untracked 
|   9|0x0000000700900000, 0x0000000700900000, 0x0000000700a00000|  0%| F|  |TAMS 0x0000000700900000, 0x0000000700900000| Untracked 
|  10|0x0000000700a00000, 0x0000000700a00000, 0x0000000700b00000|  0%| F|  |TAMS 0x0000000700a00000, 0x0000000700a00000| Untracked 
|  11|0x0000000700b00000, 0x0000000700b00000, 0x0000000700c00000|  0%| F|  |TAMS 0x0000000700b00000, 0x0000000700b00000| Untracked 
|  12|0x0000000700c00000, 0x0000000700c00000, 0x0000000700d00000|  0%| F|  |TAMS 0x0000000700c00000, 0x0000000700c00000| Untracked 
|  13|0x0000000700d00000, 0x0000000700d00000, 0x0000000700e00000|  0%| F|  |TAMS 0x0000000700d00000, 0x0000000700d00000| Untracked 
|  14|0x0000000700e00000, 0x0000000700e00000, 0x0000000700f00000|  0%| F|  |TAMS 0x0000000700e00000, 0x0000000700e00000| Untracked 
|  15|0x0000000700f00000, 0x0000000700f00000, 0x0000000701000000|  0%| F|  |TAMS 0x0000000700f00000, 0x0000000700f00000| Untracked 
|  16|0x0000000701000000, 0x0000000701000000, 0x0000000701100000|  0%| F|  |TAMS 0x0000000701000000, 0x0000000701000000| Untracked 
|  17|0x0000000701100000, 0x0000000701100000, 0x0000000701200000|  0%| F|  |TAMS 0x0000000701100000, 0x0000000701100000| Untracked 
|  18|0x0000000701200000, 0x0000000701200000, 0x0000000701300000|  0%| F|  |TAMS 0x0000000701200000, 0x0000000701200000| Untracked 
|  19|0x0000000701300000, 0x0000000701300000, 0x0000000701400000|  0%| F|  |TAMS 0x0000000701300000, 0x0000000701300000| Untracked 
|  20|0x0000000701400000, 0x0000000701400000, 0x0000000701500000|  0%| F|  |TAMS 0x0000000701400000, 0x0000000701400000| Untracked 
|  21|0x0000000701500000, 0x0000000701500000, 0x0000000701600000|  0%| F|  |TAMS 0x0000000701500000, 0x0000000701500000| Untracked 
|  22|0x0000000701600000, 0x0000000701600000, 0x0000000701700000|  0%| F|  |TAMS 0x0000000701600000, 0x0000000701600000| Untracked 
|  23|0x0000000701700000, 0x0000000701700000, 0x0000000701800000|  0%| F|  |TAMS 0x0000000701700000, 0x0000000701700000| Untracked 
|  24|0x0000000701800000, 0x0000000701800000, 0x0000000701900000|  0%| F|  |TAMS 0x0000000701800000, 0x0000000701800000| Untracked 
|  25|0x0000000701900000, 0x0000000701900000, 0x0000000701a00000|  0%| F|  |TAMS 0x0000000701900000, 0x0000000701900000| Untracked 
|  26|0x0000000701a00000, 0x0000000701a00000, 0x0000000701b00000|  0%| F|  |TAMS 0x0000000701a00000, 0x0000000701a00000| Untracked 
|  27|0x0000000701b00000, 0x0000000701b00000, 0x0000000701c00000|  0%| F|  |TAMS 0x0000000701b00000, 0x0000000701b00000| Untracked 
|  28|0x0000000701c00000, 0x0000000701c00000, 0x0000000701d00000|  0%| F|  |TAMS 0x0000000701c00000, 0x0000000701c00000| Untracked 
|  29|0x0000000701d00000, 0x0000000701d00000, 0x0000000701e00000|  0%| F|  |TAMS 0x0000000701d00000, 0x0000000701d00000| Untracked 
|  30|0x0000000701e00000, 0x0000000701e00000, 0x0000000701f00000|  0%| F|  |TAMS 0x0000000701e00000, 0x0000000701e00000| Untracked 
|  31|0x0000000701f00000, 0x0000000701f00000, 0x0000000702000000|  0%| F|  |TAMS 0x0000000701f00000, 0x0000000701f00000| Untracked 
|  32|0x0000000702000000, 0x0000000702000000, 0x0000000702100000|  0%| F|  |TAMS 0x0000000702000000, 0x0000000702000000| Untracked 
|  33|0x0000000702100000, 0x0000000702100000, 0x0000000702200000|  0%| F|  |TAMS 0x0000000702100000, 0x0000000702100000| Untracked 
|  34|0x0000000702200000, 0x0000000702200000, 0x0000000702300000|  0%| F|  |TAMS 0x0000000702200000, 0x0000000702200000| Untracked 
|  35|0x0000000702300000, 0x0000000702300000, 0x0000000702400000|  0%| F|  |TAMS 0x0000000702300000, 0x0000000702300000| Untracked 
|  36|0x0000000702400000, 0x0000000702400000, 0x0000000702500000|  0%| F|  |TAMS 0x0000000702400000, 0x0000000702400000| Untracked 
|  37|0x0000000702500000, 0x0000000702500000, 0x0000000702600000|  0%| F|  |TAMS 0x0000000702500000, 0x0000000702500000| Untracked 
|  38|0x0000000702600000, 0x0000000702600000, 0x0000000702700000|  0%| F|  |TAMS 0x0000000702600000, 0x0000000702600000| Untracked 
|  39|0x0000000702700000, 0x0000000702700000, 0x0000000702800000|  0%| F|  |TAMS 0x0000000702700000, 0x0000000702700000| Untracked 
|  40|0x0000000702800000, 0x0000000702800000, 0x0000000702900000|  0%| F|  |TAMS 0x0000000702800000, 0x0000000702800000| Untracked 
|  41|0x0000000702900000, 0x0000000702900000, 0x0000000702a00000|  0%| F|  |TAMS 0x0000000702900000, 0x0000000702900000| Untracked 
|  42|0x0000000702a00000, 0x0000000702a00000, 0x0000000702b00000|  0%| F|  |TAMS 0x0000000702a00000, 0x0000000702a00000| Untracked 
|  43|0x0000000702b00000, 0x0000000702b00000, 0x0000000702c00000|  0%| F|  |TAMS 0x0000000702b00000, 0x0000000702b00000| Untracked 
|  44|0x0000000702c00000, 0x0000000702c00000, 0x0000000702d00000|  0%| F|  |TAMS 0x0000000702c00000, 0x0000000702c00000| Untracked 
|  45|0x0000000702d00000, 0x0000000702d00000, 0x0000000702e00000|  0%| F|  |TAMS 0x0000000702d00000, 0x0000000702d00000| Untracked 
|  46|0x0000000702e00000, 0x0000000702e00000, 0x0000000702f00000|  0%| F|  |TAMS 0x0000000702e00000, 0x0000000702e00000| Untracked 
|  47|0x0000000702f00000, 0x0000000702f00000, 0x0000000703000000|  0%| F|  |TAMS 0x0000000702f00000, 0x0000000702f00000| Untracked 
|  48|0x0000000703000000, 0x0000000703000000, 0x0000000703100000|  0%| F|  |TAMS 0x0000000703000000, 0x0000000703000000| Untracked 
|  49|0x0000000703100000, 0x0000000703100000, 0x0000000703200000|  0%| F|  |TAMS 0x0000000703100000, 0x0000000703100000| Untracked 
|  50|0x0000000703200000, 0x0000000703200000, 0x0000000703300000|  0%| F|  |TAMS 0x0000000703200000, 0x0000000703200000| Untracked 
|  51|0x0000000703300000, 0x0000000703300000, 0x0000000703400000|  0%| F|  |TAMS 0x0000000703300000, 0x0000000703300000| Untracked 
|  52|0x0000000703400000, 0x0000000703400000, 0x0000000703500000|  0%| F|  |TAMS 0x0000000703400000, 0x0000000703400000| Untracked 
|  53|0x0000000703500000, 0x0000000703500000, 0x0000000703600000|  0%| F|  |TAMS 0x0000000703500000, 0x0000000703500000| Untracked 
|  54|0x0000000703600000, 0x0000000703600000, 0x0000000703700000|  0%| F|  |TAMS 0x0000000703600000, 0x0000000703600000| Untracked 
|  55|0x0000000703700000, 0x0000000703700000, 0x0000000703800000|  0%| F|  |TAMS 0x0000000703700000, 0x0000000703700000| Untracked 
|  56|0x0000000703800000, 0x0000000703800000, 0x0000000703900000|  0%| F|  |TAMS 0x0000000703800000, 0x0000000703800000| Untracked 
|  57|0x0000000703900000, 0x0000000703900000, 0x0000000703a00000|  0%| F|  |TAMS 0x0000000703900000, 0x0000000703900000| Untracked 
|  58|0x0000000703a00000, 0x0000000703a00000, 0x0000000703b00000|  0%| F|  |TAMS 0x0000000703a00000, 0x0000000703a00000| Untracked 
|  59|0x0000000703b00000, 0x0000000703b00000, 0x0000000703c00000|  0%| F|  |TAMS 0x0000000703b00000, 0x0000000703b00000| Untracked 
|  60|0x0000000703c00000, 0x0000000703c00000, 0x0000000703d00000|  0%| F|  |TAMS 0x0000000703c00000, 0x0000000703c00000| Untracked 
|  61|0x0000000703d00000, 0x0000000703d00000, 0x0000000703e00000|  0%| F|  |TAMS 0x0000000703d00000, 0x0000000703d00000| Untracked 
|  62|0x0000000703e00000, 0x0000000703e00000, 0x0000000703f00000|  0%| F|  |TAMS 0x0000000703e00000, 0x0000000703e00000| Untracked 
|  63|0x0000000703f00000, 0x0000000703f00000, 0x0000000704000000|  0%| F|  |TAMS 0x0000000703f00000, 0x0000000703f00000| Untracked 
|  64|0x0000000704000000, 0x0000000704000000, 0x0000000704100000|  0%| F|  |TAMS 0x0000000704000000, 0x0000000704000000| Untracked 
|  65|0x0000000704100000, 0x0000000704100000, 0x0000000704200000|  0%| F|  |TAMS 0x0000000704100000, 0x0000000704100000| Untracked 
|  66|0x0000000704200000, 0x0000000704200000, 0x0000000704300000|  0%| F|  |TAMS 0x0000000704200000, 0x0000000704200000| Untracked 
|  67|0x0000000704300000, 0x0000000704300000, 0x0000000704400000|  0%| F|  |TAMS 0x0000000704300000, 0x0000000704300000| Untracked 
|  68|0x0000000704400000, 0x0000000704400000, 0x0000000704500000|  0%| F|  |TAMS 0x0000000704400000, 0x0000000704400000| Untracked 
|  69|0x0000000704500000, 0x0000000704500000, 0x0000000704600000|  0%| F|  |TAMS 0x0000000704500000, 0x0000000704500000| Untracked 
|  70|0x0000000704600000, 0x0000000704600000, 0x0000000704700000|  0%| F|  |TAMS 0x0000000704600000, 0x0000000704600000| Untracked 
|  71|0x0000000704700000, 0x0000000704700000, 0x0000000704800000|  0%| F|  |TAMS 0x0000000704700000, 0x0000000704700000| Untracked 
|  72|0x0000000704800000, 0x0000000704800000, 0x0000000704900000|  0%| F|  |TAMS 0x0000000704800000, 0x0000000704800000| Untracked 
|  73|0x0000000704900000, 0x0000000704900000, 0x0000000704a00000|  0%| F|  |TAMS 0x0000000704900000, 0x0000000704900000| Untracked 
|  74|0x0000000704a00000, 0x0000000704a00000, 0x0000000704b00000|  0%| F|  |TAMS 0x0000000704a00000, 0x0000000704a00000| Untracked 
|  75|0x0000000704b00000, 0x0000000704b00000, 0x0000000704c00000|  0%| F|  |TAMS 0x0000000704b00000, 0x0000000704b00000| Untracked 
|  76|0x0000000704c00000, 0x0000000704c00000, 0x0000000704d00000|  0%| F|  |TAMS 0x0000000704c00000, 0x0000000704c00000| Untracked 
|  77|0x0000000704d00000, 0x0000000704d00000, 0x0000000704e00000|  0%| F|  |TAMS 0x0000000704d00000, 0x0000000704d00000| Untracked 
|  78|0x0000000704e00000, 0x0000000704e00000, 0x0000000704f00000|  0%| F|  |TAMS 0x0000000704e00000, 0x0000000704e00000| Untracked 
|  79|0x0000000704f00000, 0x0000000704f00000, 0x0000000705000000|  0%| F|  |TAMS 0x0000000704f00000, 0x0000000704f00000| Untracked 
|  80|0x0000000705000000, 0x0000000705000000, 0x0000000705100000|  0%| F|  |TAMS 0x0000000705000000, 0x0000000705000000| Untracked 
|  81|0x0000000705100000, 0x0000000705100000, 0x0000000705200000|  0%| F|  |TAMS 0x0000000705100000, 0x0000000705100000| Untracked 
|  82|0x0000000705200000, 0x0000000705200000, 0x0000000705300000|  0%| F|  |TAMS 0x0000000705200000, 0x0000000705200000| Untracked 
|  83|0x0000000705300000, 0x0000000705300000, 0x0000000705400000|  0%| F|  |TAMS 0x0000000705300000, 0x0000000705300000| Untracked 
|  84|0x0000000705400000, 0x0000000705400000, 0x0000000705500000|  0%| F|  |TAMS 0x0000000705400000, 0x0000000705400000| Untracked 
|  85|0x0000000705500000, 0x0000000705500000, 0x0000000705600000|  0%| F|  |TAMS 0x0000000705500000, 0x0000000705500000| Untracked 
|  86|0x0000000705600000, 0x0000000705600000, 0x0000000705700000|  0%| F|  |TAMS 0x0000000705600000, 0x0000000705600000| Untracked 
|  87|0x0000000705700000, 0x0000000705700000, 0x0000000705800000|  0%| F|  |TAMS 0x0000000705700000, 0x0000000705700000| Untracked 
|  88|0x0000000705800000, 0x0000000705800000, 0x0000000705900000|  0%| F|  |TAMS 0x0000000705800000, 0x0000000705800000| Untracked 
|  89|0x0000000705900000, 0x0000000705900000, 0x0000000705a00000|  0%| F|  |TAMS 0x0000000705900000, 0x0000000705900000| Untracked 
|  90|0x0000000705a00000, 0x0000000705a00000, 0x0000000705b00000|  0%| F|  |TAMS 0x0000000705a00000, 0x0000000705a00000| Untracked 
|  91|0x0000000705b00000, 0x0000000705b00000, 0x0000000705c00000|  0%| F|  |TAMS 0x0000000705b00000, 0x0000000705b00000| Untracked 
|  92|0x0000000705c00000, 0x0000000705c00000, 0x0000000705d00000|  0%| F|  |TAMS 0x0000000705c00000, 0x0000000705c00000| Untracked 
|  93|0x0000000705d00000, 0x0000000705d00000, 0x0000000705e00000|  0%| F|  |TAMS 0x0000000705d00000, 0x0000000705d00000| Untracked 
|  94|0x0000000705e00000, 0x0000000705e00000, 0x0000000705f00000|  0%| F|  |TAMS 0x0000000705e00000, 0x0000000705e00000| Untracked 
|  95|0x0000000705f00000, 0x0000000705f00000, 0x0000000706000000|  0%| F|  |TAMS 0x0000000705f00000, 0x0000000705f00000| Untracked 
|  96|0x0000000706000000, 0x0000000706000000, 0x0000000706100000|  0%| F|  |TAMS 0x0000000706000000, 0x0000000706000000| Untracked 
|  97|0x0000000706100000, 0x0000000706100000, 0x0000000706200000|  0%| F|  |TAMS 0x0000000706100000, 0x0000000706100000| Untracked 
|  98|0x0000000706200000, 0x0000000706200000, 0x0000000706300000|  0%| F|  |TAMS 0x0000000706200000, 0x0000000706200000| Untracked 
|  99|0x0000000706300000, 0x0000000706300000, 0x0000000706400000|  0%| F|  |TAMS 0x0000000706300000, 0x0000000706300000| Untracked 
| 100|0x0000000706400000, 0x0000000706400000, 0x0000000706500000|  0%| F|  |TAMS 0x0000000706400000, 0x0000000706400000| Untracked 
| 101|0x0000000706500000, 0x0000000706500000, 0x0000000706600000|  0%| F|  |TAMS 0x0000000706500000, 0x0000000706500000| Untracked 
| 102|0x0000000706600000, 0x0000000706600000, 0x0000000706700000|  0%| F|  |TAMS 0x0000000706600000, 0x0000000706600000| Untracked 
| 103|0x0000000706700000, 0x0000000706700000, 0x0000000706800000|  0%| F|  |TAMS 0x0000000706700000, 0x0000000706700000| Untracked 
| 104|0x0000000706800000, 0x0000000706800000, 0x0000000706900000|  0%| F|  |TAMS 0x0000000706800000, 0x0000000706800000| Untracked 
| 105|0x0000000706900000, 0x0000000706900000, 0x0000000706a00000|  0%| F|  |TAMS 0x0000000706900000, 0x0000000706900000| Untracked 
| 106|0x0000000706a00000, 0x0000000706a00000, 0x0000000706b00000|  0%| F|  |TAMS 0x0000000706a00000, 0x0000000706a00000| Untracked 
| 107|0x0000000706b00000, 0x0000000706b00000, 0x0000000706c00000|  0%| F|  |TAMS 0x0000000706b00000, 0x0000000706b00000| Untracked 
| 108|0x0000000706c00000, 0x0000000706c00000, 0x0000000706d00000|  0%| F|  |TAMS 0x0000000706c00000, 0x0000000706c00000| Untracked 
| 109|0x0000000706d00000, 0x0000000706d00000, 0x0000000706e00000|  0%| F|  |TAMS 0x0000000706d00000, 0x0000000706d00000| Untracked 
| 110|0x0000000706e00000, 0x0000000706e00000, 0x0000000706f00000|  0%| F|  |TAMS 0x0000000706e00000, 0x0000000706e00000| Untracked 
| 111|0x0000000706f00000, 0x0000000706f00000, 0x0000000707000000|  0%| F|  |TAMS 0x0000000706f00000, 0x0000000706f00000| Untracked 
| 112|0x0000000707000000, 0x0000000707000000, 0x0000000707100000|  0%| F|  |TAMS 0x0000000707000000, 0x0000000707000000| Untracked 
| 113|0x0000000707100000, 0x0000000707100000, 0x0000000707200000|  0%| F|  |TAMS 0x0000000707100000, 0x0000000707100000| Untracked 
| 114|0x0000000707200000, 0x0000000707200000, 0x0000000707300000|  0%| F|  |TAMS 0x0000000707200000, 0x0000000707200000| Untracked 
| 115|0x0000000707300000, 0x0000000707300000, 0x0000000707400000|  0%| F|  |TAMS 0x0000000707300000, 0x0000000707300000| Untracked 
| 116|0x0000000707400000, 0x0000000707400000, 0x0000000707500000|  0%| F|  |TAMS 0x0000000707400000, 0x0000000707400000| Untracked 
| 117|0x0000000707500000, 0x0000000707500000, 0x0000000707600000|  0%| F|  |TAMS 0x0000000707500000, 0x0000000707500000| Untracked 
| 118|0x0000000707600000, 0x0000000707600000, 0x0000000707700000|  0%| F|  |TAMS 0x0000000707600000, 0x0000000707600000| Untracked 
| 119|0x0000000707700000, 0x0000000707700000, 0x0000000707800000|  0%| F|  |TAMS 0x0000000707700000, 0x0000000707700000| Untracked 
| 120|0x0000000707800000, 0x0000000707800000, 0x0000000707900000|  0%| F|  |TAMS 0x0000000707800000, 0x0000000707800000| Untracked 
| 121|0x0000000707900000, 0x0000000707900000, 0x0000000707a00000|  0%| F|  |TAMS 0x0000000707900000, 0x0000000707900000| Untracked 
| 122|0x0000000707a00000, 0x0000000707a00000, 0x0000000707b00000|  0%| F|  |TAMS 0x0000000707a00000, 0x0000000707a00000| Untracked 
| 123|0x0000000707b00000, 0x0000000707b00000, 0x0000000707c00000|  0%| F|  |TAMS 0x0000000707b00000, 0x0000000707b00000| Untracked 
| 124|0x0000000707c00000, 0x0000000707c00000, 0x0000000707d00000|  0%| F|  |TAMS 0x0000000707c00000, 0x0000000707c00000| Untracked 
| 125|0x0000000707d00000, 0x0000000707d00000, 0x0000000707e00000|  0%| F|  |TAMS 0x0000000707d00000, 0x0000000707d00000| Untracked 
| 126|0x0000000707e00000, 0x0000000707e00000, 0x0000000707f00000|  0%| F|  |TAMS 0x0000000707e00000, 0x0000000707e00000| Untracked 
| 127|0x0000000707f00000, 0x0000000707f00000, 0x0000000708000000|  0%| F|  |TAMS 0x0000000707f00000, 0x0000000707f00000| Untracked 
| 128|0x0000000708000000, 0x0000000708000000, 0x0000000708100000|  0%| F|  |TAMS 0x0000000708000000, 0x0000000708000000| Untracked 
| 129|0x0000000708100000, 0x0000000708100000, 0x0000000708200000|  0%| F|  |TAMS 0x0000000708100000, 0x0000000708100000| Untracked 
| 130|0x0000000708200000, 0x0000000708200000, 0x0000000708300000|  0%| F|  |TAMS 0x0000000708200000, 0x0000000708200000| Untracked 
| 131|0x0000000708300000, 0x0000000708300000, 0x0000000708400000|  0%| F|  |TAMS 0x0000000708300000, 0x0000000708300000| Untracked 
| 132|0x0000000708400000, 0x0000000708400000, 0x0000000708500000|  0%| F|  |TAMS 0x0000000708400000, 0x0000000708400000| Untracked 
| 133|0x0000000708500000, 0x0000000708500000, 0x0000000708600000|  0%| F|  |TAMS 0x0000000708500000, 0x0000000708500000| Untracked 
| 134|0x0000000708600000, 0x0000000708600000, 0x0000000708700000|  0%| F|  |TAMS 0x0000000708600000, 0x0000000708600000| Untracked 
| 135|0x0000000708700000, 0x0000000708700000, 0x0000000708800000|  0%| F|  |TAMS 0x0000000708700000, 0x0000000708700000| Untracked 
| 136|0x0000000708800000, 0x0000000708800000, 0x0000000708900000|  0%| F|  |TAMS 0x0000000708800000, 0x0000000708800000| Untracked 
| 137|0x0000000708900000, 0x0000000708900000, 0x0000000708a00000|  0%| F|  |TAMS 0x0000000708900000, 0x0000000708900000| Untracked 
| 138|0x0000000708a00000, 0x0000000708a00000, 0x0000000708b00000|  0%| F|  |TAMS 0x0000000708a00000, 0x0000000708a00000| Untracked 
| 139|0x0000000708b00000, 0x0000000708b00000, 0x0000000708c00000|  0%| F|  |TAMS 0x0000000708b00000, 0x0000000708b00000| Untracked 
| 140|0x0000000708c00000, 0x0000000708c00000, 0x0000000708d00000|  0%| F|  |TAMS 0x0000000708c00000, 0x0000000708c00000| Untracked 
| 141|0x0000000708d00000, 0x0000000708d00000, 0x0000000708e00000|  0%| F|  |TAMS 0x0000000708d00000, 0x0000000708d00000| Untracked 
| 142|0x0000000708e00000, 0x0000000708e00000, 0x0000000708f00000|  0%| F|  |TAMS 0x0000000708e00000, 0x0000000708e00000| Untracked 
| 143|0x0000000708f00000, 0x0000000708f00000, 0x0000000709000000|  0%| F|  |TAMS 0x0000000708f00000, 0x0000000708f00000| Untracked 
| 144|0x0000000709000000, 0x0000000709000000, 0x0000000709100000|  0%| F|  |TAMS 0x0000000709000000, 0x0000000709000000| Untracked 
| 145|0x0000000709100000, 0x0000000709100000, 0x0000000709200000|  0%| F|  |TAMS 0x0000000709100000, 0x0000000709100000| Untracked 
| 146|0x0000000709200000, 0x0000000709200000, 0x0000000709300000|  0%| F|  |TAMS 0x0000000709200000, 0x0000000709200000| Untracked 
| 147|0x0000000709300000, 0x0000000709300000, 0x0000000709400000|  0%| F|  |TAMS 0x0000000709300000, 0x0000000709300000| Untracked 
| 148|0x0000000709400000, 0x0000000709400000, 0x0000000709500000|  0%| F|  |TAMS 0x0000000709400000, 0x0000000709400000| Untracked 
| 149|0x0000000709500000, 0x0000000709500000, 0x0000000709600000|  0%| F|  |TAMS 0x0000000709500000, 0x0000000709500000| Untracked 
| 150|0x0000000709600000, 0x0000000709600000, 0x0000000709700000|  0%| F|  |TAMS 0x0000000709600000, 0x0000000709600000| Untracked 
| 151|0x0000000709700000, 0x0000000709700000, 0x0000000709800000|  0%| F|  |TAMS 0x0000000709700000, 0x0000000709700000| Untracked 
| 152|0x0000000709800000, 0x0000000709800000, 0x0000000709900000|  0%| F|  |TAMS 0x0000000709800000, 0x0000000709800000| Untracked 
| 153|0x0000000709900000, 0x0000000709900000, 0x0000000709a00000|  0%| F|  |TAMS 0x0000000709900000, 0x0000000709900000| Untracked 
| 154|0x0000000709a00000, 0x0000000709a00000, 0x0000000709b00000|  0%| F|  |TAMS 0x0000000709a00000, 0x0000000709a00000| Untracked 
| 155|0x0000000709b00000, 0x0000000709b00000, 0x0000000709c00000|  0%| F|  |TAMS 0x0000000709b00000, 0x0000000709b00000| Untracked 
| 156|0x0000000709c00000, 0x0000000709c00000, 0x0000000709d00000|  0%| F|  |TAMS 0x0000000709c00000, 0x0000000709c00000| Untracked 
| 157|0x0000000709d00000, 0x0000000709d00000, 0x0000000709e00000|  0%| F|  |TAMS 0x0000000709d00000, 0x0000000709d00000| Untracked 
| 158|0x0000000709e00000, 0x0000000709e00000, 0x0000000709f00000|  0%| F|  |TAMS 0x0000000709e00000, 0x0000000709e00000| Untracked 
| 159|0x0000000709f00000, 0x0000000709f00000, 0x000000070a000000|  0%| F|  |TAMS 0x0000000709f00000, 0x0000000709f00000| Untracked 
| 160|0x000000070a000000, 0x000000070a000000, 0x000000070a100000|  0%| F|  |TAMS 0x000000070a000000, 0x000000070a000000| Untracked 
| 161|0x000000070a100000, 0x000000070a100000, 0x000000070a200000|  0%| F|  |TAMS 0x000000070a100000, 0x000000070a100000| Untracked 
| 162|0x000000070a200000, 0x000000070a200000, 0x000000070a300000|  0%| F|  |TAMS 0x000000070a200000, 0x000000070a200000| Untracked 
| 163|0x000000070a300000, 0x000000070a300000, 0x000000070a400000|  0%| F|  |TAMS 0x000000070a300000, 0x000000070a300000| Untracked 
| 164|0x000000070a400000, 0x000000070a400000, 0x000000070a500000|  0%| F|  |TAMS 0x000000070a400000, 0x000000070a400000| Untracked 
| 165|0x000000070a500000, 0x000000070a500000, 0x000000070a600000|  0%| F|  |TAMS 0x000000070a500000, 0x000000070a500000| Untracked 
| 166|0x000000070a600000, 0x000000070a600000, 0x000000070a700000|  0%| F|  |TAMS 0x000000070a600000, 0x000000070a600000| Untracked 
| 167|0x000000070a700000, 0x000000070a700000, 0x000000070a800000|  0%| F|  |TAMS 0x000000070a700000, 0x000000070a700000| Untracked 
| 168|0x000000070a800000, 0x000000070a800000, 0x000000070a900000|  0%| F|  |TAMS 0x000000070a800000, 0x000000070a800000| Untracked 
| 169|0x000000070a900000, 0x000000070a900000, 0x000000070aa00000|  0%| F|  |TAMS 0x000000070a900000, 0x000000070a900000| Untracked 
| 170|0x000000070aa00000, 0x000000070aa00000, 0x000000070ab00000|  0%| F|  |TAMS 0x000000070aa00000, 0x000000070aa00000| Untracked 
| 171|0x000000070ab00000, 0x000000070ab00000, 0x000000070ac00000|  0%| F|  |TAMS 0x000000070ab00000, 0x000000070ab00000| Untracked 
| 172|0x000000070ac00000, 0x000000070ac00000, 0x000000070ad00000|  0%| F|  |TAMS 0x000000070ac00000, 0x000000070ac00000| Untracked 
| 173|0x000000070ad00000, 0x000000070ad00000, 0x000000070ae00000|  0%| F|  |TAMS 0x000000070ad00000, 0x000000070ad00000| Untracked 
| 174|0x000000070ae00000, 0x000000070ae00000, 0x000000070af00000|  0%| F|  |TAMS 0x000000070ae00000, 0x000000070ae00000| Untracked 
| 175|0x000000070af00000, 0x000000070af00000, 0x000000070b000000|  0%| F|  |TAMS 0x000000070af00000, 0x000000070af00000| Untracked 
| 176|0x000000070b000000, 0x000000070b000000, 0x000000070b100000|  0%| F|  |TAMS 0x000000070b000000, 0x000000070b000000| Untracked 
| 177|0x000000070b100000, 0x000000070b100000, 0x000000070b200000|  0%| F|  |TAMS 0x000000070b100000, 0x000000070b100000| Untracked 
| 178|0x000000070b200000, 0x000000070b200000, 0x000000070b300000|  0%| F|  |TAMS 0x000000070b200000, 0x000000070b200000| Untracked 
| 179|0x000000070b300000, 0x000000070b300000, 0x000000070b400000|  0%| F|  |TAMS 0x000000070b300000, 0x000000070b300000| Untracked 
| 180|0x000000070b400000, 0x000000070b400000, 0x000000070b500000|  0%| F|  |TAMS 0x000000070b400000, 0x000000070b400000| Untracked 
| 181|0x000000070b500000, 0x000000070b500000, 0x000000070b600000|  0%| F|  |TAMS 0x000000070b500000, 0x000000070b500000| Untracked 
| 182|0x000000070b600000, 0x000000070b600000, 0x000000070b700000|  0%| F|  |TAMS 0x000000070b600000, 0x000000070b600000| Untracked 
| 183|0x000000070b700000, 0x000000070b700000, 0x000000070b800000|  0%| F|  |TAMS 0x000000070b700000, 0x000000070b700000| Untracked 
| 184|0x000000070b800000, 0x000000070b800000, 0x000000070b900000|  0%| F|  |TAMS 0x000000070b800000, 0x000000070b800000| Untracked 
| 185|0x000000070b900000, 0x000000070b900000, 0x000000070ba00000|  0%| F|  |TAMS 0x000000070b900000, 0x000000070b900000| Untracked 
| 186|0x000000070ba00000, 0x000000070ba00000, 0x000000070bb00000|  0%| F|  |TAMS 0x000000070ba00000, 0x000000070ba00000| Untracked 
| 187|0x000000070bb00000, 0x000000070bb00000, 0x000000070bc00000|  0%| F|  |TAMS 0x000000070bb00000, 0x000000070bb00000| Untracked 
| 188|0x000000070bc00000, 0x000000070bc00000, 0x000000070bd00000|  0%| F|  |TAMS 0x000000070bc00000, 0x000000070bc00000| Untracked 
| 189|0x000000070bd00000, 0x000000070bd00000, 0x000000070be00000|  0%| F|  |TAMS 0x000000070bd00000, 0x000000070bd00000| Untracked 
| 190|0x000000070be00000, 0x000000070be00000, 0x000000070bf00000|  0%| F|  |TAMS 0x000000070be00000, 0x000000070be00000| Untracked 
| 191|0x000000070bf00000, 0x000000070bf00000, 0x000000070c000000|  0%| F|  |TAMS 0x000000070bf00000, 0x000000070bf00000| Untracked 
| 192|0x000000070c000000, 0x000000070c000000, 0x000000070c100000|  0%| F|  |TAMS 0x000000070c000000, 0x000000070c000000| Untracked 
| 193|0x000000070c100000, 0x000000070c100000, 0x000000070c200000|  0%| F|  |TAMS 0x000000070c100000, 0x000000070c100000| Untracked 
| 194|0x000000070c200000, 0x000000070c200000, 0x000000070c300000|  0%| F|  |TAMS 0x000000070c200000, 0x000000070c200000| Untracked 
| 195|0x000000070c300000, 0x000000070c300000, 0x000000070c400000|  0%| F|  |TAMS 0x000000070c300000, 0x000000070c300000| Untracked 
| 196|0x000000070c400000, 0x000000070c400000, 0x000000070c500000|  0%| F|  |TAMS 0x000000070c400000, 0x000000070c400000| Untracked 
| 197|0x000000070c500000, 0x000000070c500000, 0x000000070c600000|  0%| F|  |TAMS 0x000000070c500000, 0x000000070c500000| Untracked 
| 198|0x000000070c600000, 0x000000070c600000, 0x000000070c700000|  0%| F|  |TAMS 0x000000070c600000, 0x000000070c600000| Untracked 
| 199|0x000000070c700000, 0x000000070c700000, 0x000000070c800000|  0%| F|  |TAMS 0x000000070c700000, 0x000000070c700000| Untracked 
| 200|0x000000070c800000, 0x000000070c800000, 0x000000070c900000|  0%| F|  |TAMS 0x000000070c800000, 0x000000070c800000| Untracked 
| 201|0x000000070c900000, 0x000000070c900000, 0x000000070ca00000|  0%| F|  |TAMS 0x000000070c900000, 0x000000070c900000| Untracked 
| 202|0x000000070ca00000, 0x000000070ca00000, 0x000000070cb00000|  0%| F|  |TAMS 0x000000070ca00000, 0x000000070ca00000| Untracked 
| 203|0x000000070cb00000, 0x000000070cb00000, 0x000000070cc00000|  0%| F|  |TAMS 0x000000070cb00000, 0x000000070cb00000| Untracked 
| 204|0x000000070cc00000, 0x000000070cc00000, 0x000000070cd00000|  0%| F|  |TAMS 0x000000070cc00000, 0x000000070cc00000| Untracked 
| 205|0x000000070cd00000, 0x000000070cd00000, 0x000000070ce00000|  0%| F|  |TAMS 0x000000070cd00000, 0x000000070cd00000| Untracked 
| 206|0x000000070ce00000, 0x000000070ce00000, 0x000000070cf00000|  0%| F|  |TAMS 0x000000070ce00000, 0x000000070ce00000| Untracked 
| 207|0x000000070cf00000, 0x000000070cf00000, 0x000000070d000000|  0%| F|  |TAMS 0x000000070cf00000, 0x000000070cf00000| Untracked 
| 208|0x000000070d000000, 0x000000070d000000, 0x000000070d100000|  0%| F|  |TAMS 0x000000070d000000, 0x000000070d000000| Untracked 
| 209|0x000000070d100000, 0x000000070d100000, 0x000000070d200000|  0%| F|  |TAMS 0x000000070d100000, 0x000000070d100000| Untracked 
| 210|0x000000070d200000, 0x000000070d200000, 0x000000070d300000|  0%| F|  |TAMS 0x000000070d200000, 0x000000070d200000| Untracked 
| 211|0x000000070d300000, 0x000000070d300000, 0x000000070d400000|  0%| F|  |TAMS 0x000000070d300000, 0x000000070d300000| Untracked 
| 212|0x000000070d400000, 0x000000070d400000, 0x000000070d500000|  0%| F|  |TAMS 0x000000070d400000, 0x000000070d400000| Untracked 
| 213|0x000000070d500000, 0x000000070d500000, 0x000000070d600000|  0%| F|  |TAMS 0x000000070d500000, 0x000000070d500000| Untracked 
| 214|0x000000070d600000, 0x000000070d600000, 0x000000070d700000|  0%| F|  |TAMS 0x000000070d600000, 0x000000070d600000| Untracked 
| 215|0x000000070d700000, 0x000000070d700000, 0x000000070d800000|  0%| F|  |TAMS 0x000000070d700000, 0x000000070d700000| Untracked 
| 216|0x000000070d800000, 0x000000070d800000, 0x000000070d900000|  0%| F|  |TAMS 0x000000070d800000, 0x000000070d800000| Untracked 
| 217|0x000000070d900000, 0x000000070d900000, 0x000000070da00000|  0%| F|  |TAMS 0x000000070d900000, 0x000000070d900000| Untracked 
| 218|0x000000070da00000, 0x000000070da00000, 0x000000070db00000|  0%| F|  |TAMS 0x000000070da00000, 0x000000070da00000| Untracked 
| 219|0x000000070db00000, 0x000000070db00000, 0x000000070dc00000|  0%| F|  |TAMS 0x000000070db00000, 0x000000070db00000| Untracked 
| 220|0x000000070dc00000, 0x000000070dc00000, 0x000000070dd00000|  0%| F|  |TAMS 0x000000070dc00000, 0x000000070dc00000| Untracked 
| 221|0x000000070dd00000, 0x000000070dd00000, 0x000000070de00000|  0%| F|  |TAMS 0x000000070dd00000, 0x000000070dd00000| Untracked 
| 222|0x000000070de00000, 0x000000070de00000, 0x000000070df00000|  0%| F|  |TAMS 0x000000070de00000, 0x000000070de00000| Untracked 
| 223|0x000000070df00000, 0x000000070df00000, 0x000000070e000000|  0%| F|  |TAMS 0x000000070df00000, 0x000000070df00000| Untracked 
| 224|0x000000070e000000, 0x000000070e000000, 0x000000070e100000|  0%| F|  |TAMS 0x000000070e000000, 0x000000070e000000| Untracked 
| 225|0x000000070e100000, 0x000000070e100000, 0x000000070e200000|  0%| F|  |TAMS 0x000000070e100000, 0x000000070e100000| Untracked 
| 226|0x000000070e200000, 0x000000070e200000, 0x000000070e300000|  0%| F|  |TAMS 0x000000070e200000, 0x000000070e200000| Untracked 
| 227|0x000000070e300000, 0x000000070e300000, 0x000000070e400000|  0%| F|  |TAMS 0x000000070e300000, 0x000000070e300000| Untracked 
| 228|0x000000070e400000, 0x000000070e400000, 0x000000070e500000|  0%| F|  |TAMS 0x000000070e400000, 0x000000070e400000| Untracked 
| 229|0x000000070e500000, 0x000000070e500000, 0x000000070e600000|  0%| F|  |TAMS 0x000000070e500000, 0x000000070e500000| Untracked 
| 230|0x000000070e600000, 0x000000070e600000, 0x000000070e700000|  0%| F|  |TAMS 0x000000070e600000, 0x000000070e600000| Untracked 
| 231|0x000000070e700000, 0x000000070e700000, 0x000000070e800000|  0%| F|  |TAMS 0x000000070e700000, 0x000000070e700000| Untracked 
| 232|0x000000070e800000, 0x000000070e800000, 0x000000070e900000|  0%| F|  |TAMS 0x000000070e800000, 0x000000070e800000| Untracked 
| 233|0x000000070e900000, 0x000000070e900000, 0x000000070ea00000|  0%| F|  |TAMS 0x000000070e900000, 0x000000070e900000| Untracked 
| 234|0x000000070ea00000, 0x000000070ea00000, 0x000000070eb00000|  0%| F|  |TAMS 0x000000070ea00000, 0x000000070ea00000| Untracked 
| 235|0x000000070eb00000, 0x000000070eb00000, 0x000000070ec00000|  0%| F|  |TAMS 0x000000070eb00000, 0x000000070eb00000| Untracked 
| 236|0x000000070ec00000, 0x000000070ec00000, 0x000000070ed00000|  0%| F|  |TAMS 0x000000070ec00000, 0x000000070ec00000| Untracked 
| 237|0x000000070ed00000, 0x000000070ed00000, 0x000000070ee00000|  0%| F|  |TAMS 0x000000070ed00000, 0x000000070ed00000| Untracked 
| 238|0x000000070ee00000, 0x000000070ee00000, 0x000000070ef00000|  0%| F|  |TAMS 0x000000070ee00000, 0x000000070ee00000| Untracked 
| 239|0x000000070ef00000, 0x000000070ef00000, 0x000000070f000000|  0%| F|  |TAMS 0x000000070ef00000, 0x000000070ef00000| Untracked 
| 240|0x000000070f000000, 0x000000070f000000, 0x000000070f100000|  0%| F|  |TAMS 0x000000070f000000, 0x000000070f000000| Untracked 
| 241|0x000000070f100000, 0x000000070f100000, 0x000000070f200000|  0%| F|  |TAMS 0x000000070f100000, 0x000000070f100000| Untracked 
| 242|0x000000070f200000, 0x000000070f200000, 0x000000070f300000|  0%| F|  |TAMS 0x000000070f200000, 0x000000070f200000| Untracked 
| 243|0x000000070f300000, 0x000000070f300000, 0x000000070f400000|  0%| F|  |TAMS 0x000000070f300000, 0x000000070f300000| Untracked 
| 244|0x000000070f400000, 0x000000070f400000, 0x000000070f500000|  0%| F|  |TAMS 0x000000070f400000, 0x000000070f400000| Untracked 
| 245|0x000000070f500000, 0x000000070f500000, 0x000000070f600000|  0%| F|  |TAMS 0x000000070f500000, 0x000000070f500000| Untracked 
| 246|0x000000070f600000, 0x000000070f6fc8f8, 0x000000070f700000| 98%| E|  |TAMS 0x000000070f600000, 0x000000070f600000| Complete 
| 247|0x000000070f700000, 0x000000070f800000, 0x000000070f800000|100%| E|  |TAMS 0x000000070f700000, 0x000000070f700000| Complete 
| 248|0x000000070f800000, 0x000000070f900000, 0x000000070f900000|100%| E|CS|TAMS 0x000000070f800000, 0x000000070f800000| Complete 
| 249|0x000000070f900000, 0x000000070fa00000, 0x000000070fa00000|100%| E|CS|TAMS 0x000000070f900000, 0x000000070f900000| Complete 
| 250|0x000000070fa00000, 0x000000070fb00000, 0x000000070fb00000|100%| E|CS|TAMS 0x000000070fa00000, 0x000000070fa00000| Complete 
| 251|0x000000070fb00000, 0x000000070fc00000, 0x000000070fc00000|100%| E|CS|TAMS 0x000000070fb00000, 0x000000070fb00000| Complete 
| 252|0x000000070fc00000, 0x000000070fd00000, 0x000000070fd00000|100%| E|CS|TAMS 0x000000070fc00000, 0x000000070fc00000| Complete 
| 253|0x000000070fd00000, 0x000000070fe00000, 0x000000070fe00000|100%| E|CS|TAMS 0x000000070fd00000, 0x000000070fd00000| Complete 
| 254|0x000000070fe00000, 0x000000070ff00000, 0x000000070ff00000|100%| E|CS|TAMS 0x000000070fe00000, 0x000000070fe00000| Complete 
| 255|0x000000070ff00000, 0x0000000710000000, 0x0000000710000000|100%| E|CS|TAMS 0x000000070ff00000, 0x000000070ff00000| Complete 

Card table byte_map: [0x000000010fd9b000,0x000000011059b000] _byte_map_base: 0x000000010c59b000

Marking Bits (Prev, Next): (CMBitMap*) 0x00007fae7602d818, (CMBitMap*) 0x00007fae7602d850
 Prev Bits: [0x00000001219a0000, 0x00000001259a0000)
 Next Bits: [0x00000001259a0000, 0x00000001299a0000)

Polling page: 0x0000000104e58000

Metaspace:

Usage:
  Non-class:      8.62 MB capacity,     8.46 MB ( 98%) used,   151.67 KB (  2%) free+waste,    10.12 KB ( <1%) overhead. 
      Class:    867.00 KB capacity,   798.86 KB ( 92%) used,    63.64 KB (  7%) free+waste,     4.50 KB ( <1%) overhead. 
       Both:      9.46 MB capacity,     9.24 MB ( 98%) used,   215.31 KB (  2%) free+waste,    14.62 KB ( <1%) overhead. 

Virtual space:
  Non-class space:       10.00 MB reserved,       8.75 MB ( 88%) committed 
      Class space:        1.00 GB reserved,     896.00 KB ( <1%) committed 
             Both:        1.01 GB reserved,       9.62 MB ( <1%) committed 

Chunk freelists:
   Non-Class:  89.00 KB
       Class:  29.00 KB
        Both:  118.00 KB

MaxMetaspaceSize: unlimited
CompressedClassSpaceSize: 1.00 GB

CodeHeap 'non-profiled nmethods': size=120032Kb used=164Kb max_used=164Kb free=119867Kb
 bounds [0x000000011a468000, 0x000000011a6d8000, 0x00000001219a0000]
CodeHeap 'profiled nmethods': size=120028Kb used=873Kb max_used=873Kb free=119154Kb
 bounds [0x0000000112f31000, 0x00000001131a1000, 0x000000011a468000]
CodeHeap 'non-nmethods': size=5700Kb used=1370Kb max_used=1382Kb free=4329Kb
 bounds [0x00000001129a0000, 0x0000000112c10000, 0x0000000112f31000]
 total_blobs=1386 nmethods=536 adapters=763
 compilation: enabled
              stopped_count=0, restarted_count=0
 full_count=0

Compilation events (20 events):
Event: 0.479 Thread 0x00007fae7400e000  525       3       java.nio.MappedByteBuffer::rewind (5 bytes)
Event: 0.479 Thread 0x00007fae7400e000 nmethod 525 0x0000000113007e10 code [0x0000000113007fe0, 0x0000000113008210]
Event: 0.479 Thread 0x00007fae7400e000  526       3       java.nio.MappedByteBuffer::rewind (7 bytes)
Event: 0.479 Thread 0x00007fae7400e000 nmethod 526 0x0000000113008310 code [0x00000001130084c0, 0x0000000113008690]
Event: 0.479 Thread 0x00007fae7400e000  527       3       jdk.internal.jimage.ImageStringsReader::charsFromByteBufferLength (47 bytes)
Event: 0.479 Thread 0x00007fae76060000  529       4       java.util.zip.ZipFile::ensureOpen (38 bytes)
Event: 0.479 Thread 0x00007fae7400e000 nmethod 527 0x0000000113008790 code [0x0000000113008980, 0x0000000113008df0]
Event: 0.479 Thread 0x00007fae7400e000  528       3       jdk.internal.jimage.ImageStringsReader::charsFromByteBuffer (186 bytes)
Event: 0.480 Thread 0x00007fae76060000 nmethod 529 0x000000011a48f890 code [0x000000011a48fa20, 0x000000011a48fab8]
Event: 0.481 Thread 0x00007fae7400e000 nmethod 528 0x0000000113008f90 code [0x0000000113009320, 0x000000011300a920]
Event: 0.485 Thread 0x00007fae76060000  530       4       java.lang.String::startsWith (138 bytes)
Event: 0.486 Thread 0x00007fae7400e000  532       3       java.util.ArrayDeque::inc (12 bytes)
Event: 0.486 Thread 0x00007fae7400e000 nmethod 532 0x000000011300b090 code [0x000000011300b240, 0x000000011300b350]
Event: 0.486 Thread 0x00007fae7400e000  533       3       java.nio.Buffer::remaining (20 bytes)
Event: 0.486 Thread 0x00007fae7400e000 nmethod 533 0x000000011300b410 code [0x000000011300b5c0, 0x000000011300b710]
Event: 0.486 Thread 0x00007fae7400e000  534       1       org.lwjgl.system.Pointer$Default::address (5 bytes)
Event: 0.486 Thread 0x00007fae7400e000 nmethod 534 0x000000011a48ff90 code [0x000000011a490140, 0x000000011a4901f0]
Event: 0.490 Thread 0x00007fae76060000 nmethod 530 0x000000011a490690 code [0x000000011a490820, 0x000000011a490a58]
Event: 0.490 Thread 0x00007fae76060000  531       4       java.lang.AbstractStringBuilder::<init> (39 bytes)
Event: 0.492 Thread 0x00007fae76060000 nmethod 531 0x000000011a490c10 code [0x000000011a490da0, 0x000000011a490f98]

GC Heap History (0 events):
No events

Deoptimization events (20 events):
Event: 0.267 Thread 0x00007fae77809000 Uncommon trap: trap_request=0xffffffc6 fr.pc=0x000000011a471494 relative=0x0000000000000074
Event: 0.267 Thread 0x00007fae77809000 Uncommon trap: reason=bimorphic_or_optimized_type_check action=maybe_recompile pc=0x000000011a471494 method=java.util.AbstractCollection.isEmpty()Z @ 1 c2
Event: 0.267 Thread 0x00007fae77809000 DEOPT PACKING pc=0x000000011a471494 sp=0x0000700008205920
Event: 0.267 Thread 0x00007fae77809000 DEOPT UNPACKING pc=0x00000001129c6ba5 sp=0x00007000082058d0 mode 2
Event: 0.267 Thread 0x00007fae77809000 Uncommon trap: trap_request=0xffffffc6 fr.pc=0x000000011a471494 relative=0x0000000000000074
Event: 0.267 Thread 0x00007fae77809000 Uncommon trap: reason=bimorphic_or_optimized_type_check action=maybe_recompile pc=0x000000011a471494 method=java.util.AbstractCollection.isEmpty()Z @ 1 c2
Event: 0.267 Thread 0x00007fae77809000 DEOPT PACKING pc=0x000000011a471494 sp=0x0000700008205af0
Event: 0.267 Thread 0x00007fae77809000 DEOPT UNPACKING pc=0x00000001129c6ba5 sp=0x0000700008205aa0 mode 2
Event: 0.268 Thread 0x00007fae77809000 Uncommon trap: trap_request=0xffffffc6 fr.pc=0x000000011a471494 relative=0x0000000000000074
Event: 0.268 Thread 0x00007fae77809000 Uncommon trap: reason=bimorphic_or_optimized_type_check action=maybe_recompile pc=0x000000011a471494 method=java.util.AbstractCollection.isEmpty()Z @ 1 c2
Event: 0.268 Thread 0x00007fae77809000 DEOPT PACKING pc=0x000000011a471494 sp=0x0000700008205be0
Event: 0.268 Thread 0x00007fae77809000 DEOPT UNPACKING pc=0x00000001129c6ba5 sp=0x0000700008205b90 mode 2
Event: 0.281 Thread 0x00007fae77809000 Uncommon trap: trap_request=0xffffff4d fr.pc=0x000000011a4800a4 relative=0x0000000000000204
Event: 0.281 Thread 0x00007fae77809000 Uncommon trap: reason=unstable_if action=reinterpret pc=0x000000011a4800a4 method=java.lang.String.startsWith(Ljava/lang/String;I)Z @ 14 c2
Event: 0.281 Thread 0x00007fae77809000 DEOPT PACKING pc=0x000000011a4800a4 sp=0x00007000082061f0
Event: 0.281 Thread 0x00007fae77809000 DEOPT UNPACKING pc=0x00000001129c6ba5 sp=0x0000700008206178 mode 2
Event: 0.342 Thread 0x00007fae77809000 Uncommon trap: trap_request=0xffffff4d fr.pc=0x000000011a469334 relative=0x0000000000000074
Event: 0.342 Thread 0x00007fae77809000 Uncommon trap: reason=unstable_if action=reinterpret pc=0x000000011a469334 method=java.lang.String.isLatin1()Z @ 10 c2
Event: 0.342 Thread 0x00007fae77809000 DEOPT PACKING pc=0x000000011a469334 sp=0x00007000082066e0
Event: 0.342 Thread 0x00007fae77809000 DEOPT UNPACKING pc=0x00000001129c6ba5 sp=0x0000700008206640 mode 2

Classes redefined (0 events):
No events

Internal exceptions (20 events):
Event: 0.293 Thread 0x00007fae77809000 Exception <a 'java/security/PrivilegedActionException'{0x000000070f87e7a8}> (0x000000070f87e7a8) thrown at [./src/hotspot/share/prims/jvm.cpp, line 1306]
Event: 0.293 Thread 0x00007fae77809000 Exception <a 'java/security/PrivilegedActionException'{0x000000070f881268}> (0x000000070f881268) thrown at [./src/hotspot/share/prims/jvm.cpp, line 1306]
Event: 0.293 Thread 0x00007fae77809000 Exception <a 'java/security/PrivilegedActionException'{0x000000070f881538}> (0x000000070f881538) thrown at [./src/hotspot/share/prims/jvm.cpp, line 1306]
Event: 0.293 Thread 0x00007fae77809000 Exception <a 'java/security/PrivilegedActionException'{0x000000070f883e18}> (0x000000070f883e18) thrown at [./src/hotspot/share/prims/jvm.cpp, line 1306]
Event: 0.293 Thread 0x00007fae77809000 Exception <a 'java/security/PrivilegedActionException'{0x000000070f8840e8}> (0x000000070f8840e8) thrown at [./src/hotspot/share/prims/jvm.cpp, line 1306]
Event: 0.294 Thread 0x00007fae77809000 Exception <a 'java/security/PrivilegedActionException'{0x000000070f88d8d8}> (0x000000070f88d8d8) thrown at [./src/hotspot/share/prims/jvm.cpp, line 1306]
Event: 0.294 Thread 0x00007fae77809000 Exception <a 'java/security/PrivilegedActionException'{0x000000070f88dba8}> (0x000000070f88dba8) thrown at [./src/hotspot/share/prims/jvm.cpp, line 1306]
Event: 0.294 Thread 0x00007fae77809000 Exception <a 'java/security/PrivilegedActionException'{0x000000070f890908}> (0x000000070f890908) thrown at [./src/hotspot/share/prims/jvm.cpp, line 1306]
Event: 0.294 Thread 0x00007fae77809000 Exception <a 'java/security/PrivilegedActionException'{0x000000070f890bd8}> (0x000000070f890bd8) thrown at [./src/hotspot/share/prims/jvm.cpp, line 1306]
Event: 0.294 Thread 0x00007fae77809000 Exception <a 'java/security/PrivilegedActionException'{0x000000070f8936b8}> (0x000000070f8936b8) thrown at [./src/hotspot/share/prims/jvm.cpp, line 1306]
Event: 0.294 Thread 0x00007fae77809000 Exception <a 'java/security/PrivilegedActionException'{0x000000070f893988}> (0x000000070f893988) thrown at [./src/hotspot/share/prims/jvm.cpp, line 1306]
Event: 0.324 Thread 0x00007fae77809000 Exception <a 'sun/nio/fs/UnixException'{0x000000070f8bfc80}> (0x000000070f8bfc80) thrown at [./src/hotspot/share/prims/jni.cpp, line 615]
Event: 0.351 Thread 0x00007fae77809000 Exception <a 'sun/nio/fs/UnixException'{0x000000070f71eee8}> (0x000000070f71eee8) thrown at [./src/hotspot/share/prims/jni.cpp, line 615]
Event: 0.370 Thread 0x00007fae77809000 Exception <a 'java/security/PrivilegedActionException'{0x000000070f6124e8}> (0x000000070f6124e8) thrown at [./src/hotspot/share/prims/jvm.cpp, line 1306]
Event: 0.370 Thread 0x00007fae77809000 Exception <a 'java/security/PrivilegedActionException'{0x000000070f612a60}> (0x000000070f612a60) thrown at [./src/hotspot/share/prims/jvm.cpp, line 1306]
Event: 0.370 Thread 0x00007fae77809000 Exception <a 'java/security/PrivilegedActionException'{0x000000070f6158c8}> (0x000000070f6158c8) thrown at [./src/hotspot/share/prims/jvm.cpp, line 1306]
Event: 0.370 Thread 0x00007fae77809000 Exception <a 'java/security/PrivilegedActionException'{0x000000070f615e40}> (0x000000070f615e40) thrown at [./src/hotspot/share/prims/jvm.cpp, line 1306]
Event: 0.371 Thread 0x00007fae77809000 Exception <a 'java/security/PrivilegedActionException'{0x000000070f618a78}> (0x000000070f618a78) thrown at [./src/hotspot/share/prims/jvm.cpp, line 1306]
Event: 0.371 Thread 0x00007fae77809000 Exception <a 'java/security/PrivilegedActionException'{0x000000070f618ff0}> (0x000000070f618ff0) thrown at [./src/hotspot/share/prims/jvm.cpp, line 1306]
Event: 0.479 Thread 0x00007fae77809000 Exception <a 'sun/nio/fs/UnixException'{0x000000070f6be300}> (0x000000070f6be300) thrown at [./src/hotspot/share/prims/jni.cpp, line 615]

Events (20 events):
Event: 0.370 loading class org/lwjgl/BufferUtils
Event: 0.370 loading class org/lwjgl/BufferUtils done
Event: 0.371 loading class org/lwjgl/system/macosx/DynamicLinkLoader
Event: 0.371 loading class org/lwjgl/system/macosx/DynamicLinkLoader done
Event: 0.373 loading class org/lwjgl/glfw/GLFW$Functions
Event: 0.373 loading class org/lwjgl/glfw/GLFW$Functions done
Event: 0.375 loading class org/lwjgl/system/JNI
Event: 0.375 loading class org/lwjgl/system/JNI done
Event: 0.476 loading class org/lwjgl/glfw/EventLoop$OffScreen
Event: 0.476 loading class org/lwjgl/glfw/EventLoop$OffScreen done
Event: 0.476 loading class org/lwjgl/glfw/EventLoop
Event: 0.476 loading class org/lwjgl/glfw/EventLoop done
Event: 0.477 loading class org/lwjgl/system/macosx/ObjCRuntime
Event: 0.477 loading class org/lwjgl/system/macosx/ObjCRuntime done
Event: 0.480 loading class org/lwjgl/system/dyncall/DynLoad
Event: 0.480 loading class org/lwjgl/system/dyncall/DynLoad done
Event: 0.485 loading class org/lwjgl/system/macosx/ObjCRuntime$Functions
Event: 0.485 loading class org/lwjgl/system/macosx/ObjCRuntime$Functions done
Event: 0.488 loading class org/lwjgl/system/macosx/CoreFoundation
Event: 0.488 loading class org/lwjgl/system/macosx/CoreFoundation done


Dynamic libraries:
0x00007fff2c3e6000 	/System/Library/Frameworks/Cocoa.framework/Versions/A/Cocoa
0x00007fff39bfe000 	/System/Library/Frameworks/Security.framework/Versions/A/Security
0x00007fff2b34c000 	/System/Library/Frameworks/ApplicationServices.framework/Versions/A/ApplicationServices
0x00007fff668ed000 	/usr/lib/libz.1.dylib
0x0000000104de4000 	/Users/david/.gradle/jdks/jdk-11.0.10+9/Contents/Home/lib/jli/libjli.dylib
0x00007fff643b1000 	/usr/lib/libSystem.B.dylib
0x00007fff2a53c000 	/System/Library/Frameworks/AppKit.framework/Versions/C/AppKit
0x00007fff2cd6a000 	/System/Library/Frameworks/CoreData.framework/Versions/A/CoreData
0x00007fff2f946000 	/System/Library/Frameworks/Foundation.framework/Versions/C/Foundation
0x00007fff5e39e000 	/System/Library/PrivateFrameworks/UIFoundation.framework/Versions/A/UIFoundation
0x00007fff59432000 	/System/Library/PrivateFrameworks/RemoteViewServices.framework/Versions/A/RemoteViewServices
0x00007fff60f21000 	/System/Library/PrivateFrameworks/XCTTargetBootstrap.framework/Versions/A/XCTTargetBootstrap
0x00007fff2d155000 	/System/Library/Frameworks/CoreDisplay.framework/Versions/A/CoreDisplay
0x00007fff32801000 	/System/Library/Frameworks/Metal.framework/Versions/A/Metal
0x00007fff4741a000 	/System/Library/PrivateFrameworks/DesktopServicesPriv.framework/Versions/A/DesktopServicesPriv
0x00007fff654ec000 	/usr/lib/liblangid.dylib
0x00007fff466af000 	/System/Library/PrivateFrameworks/CoreSVG.framework/Versions/A/CoreSVG
0x00007fff5c58e000 	/System/Library/PrivateFrameworks/SkyLight.framework/Versions/A/SkyLight
0x00007fff2d70a000 	/System/Library/Frameworks/CoreGraphics.framework/Versions/A/CoreGraphics
0x00007fff28f10000 	/System/Library/Frameworks/Accelerate.framework/Versions/A/Accelerate
0x00007fff667de000 	/usr/lib/libxml2.2.dylib
0x00007fff523bb000 	/System/Library/PrivateFrameworks/IconServices.framework/Versions/A/IconServices
0x00007fff30125000 	/System/Library/Frameworks/IOSurface.framework/Versions/A/IOSurface
0x00007fff63edb000 	/usr/lib/libDiagnosticMessagesClient.dylib
0x00007fff47274000 	/System/Library/PrivateFrameworks/DFRFoundation.framework/Versions/A/DFRFoundation
0x00007fff6527b000 	/usr/lib/libicucore.A.dylib
0x00007fff2b67e000 	/System/Library/Frameworks/AudioToolbox.framework/Versions/A/AudioToolbox
0x00007fff2b761000 	/System/Library/Frameworks/AudioUnit.framework/Versions/A/AudioUnit
0x00007fff645b3000 	/usr/lib/libauto.dylib
0x00007fff47316000 	/System/Library/PrivateFrameworks/DataDetectorsCore.framework/Versions/A/DataDetectorsCore
0x00007fff2bf07000 	/System/Library/Frameworks/Carbon.framework/Versions/A/Frameworks/HIToolbox.framework/Versions/A/HIToolbox
0x00007fff38df8000 	/System/Library/Frameworks/QuartzCore.framework/Versions/A/QuartzCore
0x00007fff2c246000 	/System/Library/Frameworks/Carbon.framework/Versions/A/Frameworks/SpeechRecognition.framework/Versions/A/SpeechRecognition
0x00007fff46d88000 	/System/Library/PrivateFrameworks/CoreUI.framework/Versions/A/CoreUI
0x00007fff2c7d5000 	/System/Library/Frameworks/CoreAudio.framework/Versions/A/CoreAudio
0x00007fff2f605000 	/System/Library/Frameworks/DiskArbitration.framework/Versions/A/DiskArbitration
0x00007fff5440b000 	/System/Library/PrivateFrameworks/MultitouchSupport.framework/Versions/A/MultitouchSupport
0x00007fff65142000 	/usr/lib/libenergytrace.dylib
0x00007fff3007f000 	/System/Library/Frameworks/IOKit.framework/Versions/A/IOKit
0x00007fff2e671000 	/System/Library/Frameworks/CoreServices.framework/Versions/A/CoreServices
0x00007fff565c5000 	/System/Library/PrivateFrameworks/PerformanceAnalysis.framework/Versions/A/PerformanceAnalysis
0x00007fff37e2b000 	/System/Library/Frameworks/OpenGL.framework/Versions/A/OpenGL
0x00007fff66211000 	/usr/lib/libobjc.A.dylib
0x00007fff2c3f4000 	/System/Library/Frameworks/ColorSync.framework/Versions/A/ColorSync
0x00007fff2d288000 	/System/Library/Frameworks/CoreFoundation.framework/Versions/A/CoreFoundation
0x00007fff2dd8d000 	/System/Library/Frameworks/CoreImage.framework/Versions/A/CoreImage
0x00007fff2f0e4000 	/System/Library/Frameworks/CoreText.framework/Versions/A/CoreText
0x00007fff301b5000 	/System/Library/Frameworks/ImageIO.framework/Versions/A/ImageIO
0x00007fff64697000 	/usr/lib/libc++.1.dylib
0x00007fff64713000 	/usr/lib/libcompression.dylib
0x00007fff6421f000 	/usr/lib/libMobileGestalt.dylib
0x00007fff5e108000 	/System/Library/PrivateFrameworks/TextureIO.framework/Versions/A/TextureIO
0x00007fff64516000 	/usr/lib/libate.dylib
0x00007fff525c4000 	/System/Library/PrivateFrameworks/InternationalSupport.framework/Versions/A/InternationalSupport
0x00007fff671ae000 	/usr/lib/system/libcache.dylib
0x00007fff671b4000 	/usr/lib/system/libcommonCrypto.dylib
0x00007fff671c0000 	/usr/lib/system/libcompiler_rt.dylib
0x00007fff671c8000 	/usr/lib/system/libcopyfile.dylib
0x00007fff671d2000 	/usr/lib/system/libcorecrypto.dylib
0x00007fff67371000 	/usr/lib/system/libdispatch.dylib
0x00007fff673b2000 	/usr/lib/system/libdyld.dylib
0x00007fff673e9000 	/usr/lib/system/libkeymgr.dylib
0x00007fff673f7000 	/usr/lib/system/liblaunch.dylib
0x00007fff673f8000 	/usr/lib/system/libmacho.dylib
0x00007fff673fe000 	/usr/lib/system/libquarantine.dylib
0x00007fff67401000 	/usr/lib/system/libremovefile.dylib
0x00007fff67403000 	/usr/lib/system/libsystem_asl.dylib
0x00007fff6741b000 	/usr/lib/system/libsystem_blocks.dylib
0x00007fff6741c000 	/usr/lib/system/libsystem_c.dylib
0x00007fff674a4000 	/usr/lib/system/libsystem_configuration.dylib
0x00007fff674a8000 	/usr/lib/system/libsystem_coreservices.dylib
0x00007fff674ac000 	/usr/lib/system/libsystem_darwin.dylib
0x00007fff674b5000 	/usr/lib/system/libsystem_dnssd.dylib
0x00007fff674bd000 	/usr/lib/system/libsystem_featureflags.dylib
0x00007fff674bf000 	/usr/lib/system/libsystem_info.dylib
0x00007fff6753a000 	/usr/lib/system/libsystem_m.dylib
0x00007fff67582000 	/usr/lib/system/libsystem_malloc.dylib
0x00007fff675aa000 	/usr/lib/system/libsystem_networkextension.dylib
0x00007fff675b8000 	/usr/lib/system/libsystem_notify.dylib
0x00007fff675d6000 	/usr/lib/system/libsystem_sandbox.dylib
0x00007fff675db000 	/usr/lib/system/libsystem_secinit.dylib
0x00007fff6750d000 	/usr/lib/system/libsystem_kernel.dylib
0x00007fff675c2000 	/usr/lib/system/libsystem_platform.dylib
0x00007fff675cb000 	/usr/lib/system/libsystem_pthread.dylib
0x00007fff675de000 	/usr/lib/system/libsystem_symptoms.dylib
0x00007fff675e6000 	/usr/lib/system/libsystem_trace.dylib
0x00007fff675fe000 	/usr/lib/system/libunwind.dylib
0x00007fff67604000 	/usr/lib/system/libxpc.dylib
0x00007fff646ea000 	/usr/lib/libc++abi.dylib
0x00007fff654ee000 	/usr/lib/liblzma.5.dylib
0x00007fff65169000 	/usr/lib/libfakelink.dylib
0x00007fff644a3000 	/usr/lib/libarchive.2.dylib
0x00007fff3acb1000 	/System/Library/Frameworks/SystemConfiguration.framework/Versions/A/SystemConfiguration
0x00007fff63e0e000 	/usr/lib/libCRFSuite.dylib
0x00007fff2baf8000 	/System/Library/Frameworks/CFNetwork.framework/Versions/A/CFNetwork
0x00007fff64679000 	/usr/lib/libbsm.0.dylib
0x00007fff673ea000 	/usr/lib/system/libkxld.dylib
0x00007fff40bee000 	/System/Library/PrivateFrameworks/AppleFSCompression.framework/Versions/A/AppleFSCompression
0x00007fff64a04000 	/usr/lib/libcoretls.dylib
0x00007fff64a1b000 	/usr/lib/libcoretls_cfhelpers.dylib
0x00007fff66257000 	/usr/lib/libpam.2.dylib
0x00007fff6638c000 	/usr/lib/libsqlite3.dylib
0x00007fff667cb000 	/usr/lib/libxar.1.dylib
0x00007fff6468a000 	/usr/lib/libbz2.1.0.dylib
0x00007fff6518a000 	/usr/lib/libiconv.2.dylib
0x00007fff64700000 	/usr/lib/libcharset.1.dylib
0x00007fff65cf4000 	/usr/lib/libnetwork.dylib
0x00007fff6625e000 	/usr/lib/libpcap.A.dylib
0x00007fff64458000 	/usr/lib/libapple_nghttp2.dylib
0x00007fff2ea28000 	/System/Library/Frameworks/CoreServices.framework/Versions/A/Frameworks/FSEvents.framework/Versions/A/FSEvents
0x00007fff2e6f8000 	/System/Library/Frameworks/CoreServices.framework/Versions/A/Frameworks/CarbonCore.framework/Versions/A/CarbonCore
0x00007fff2ec6c000 	/System/Library/Frameworks/CoreServices.framework/Versions/A/Frameworks/Metadata.framework/Versions/A/Metadata
0x00007fff2ed05000 	/System/Library/Frameworks/CoreServices.framework/Versions/A/Frameworks/OSServices.framework/Versions/A/OSServices
0x00007fff2ed33000 	/System/Library/Frameworks/CoreServices.framework/Versions/A/Frameworks/SearchKit.framework/Versions/A/SearchKit
0x00007fff2e672000 	/System/Library/Frameworks/CoreServices.framework/Versions/A/Frameworks/AE.framework/Versions/A/AE
0x00007fff2ea31000 	/System/Library/Frameworks/CoreServices.framework/Versions/A/Frameworks/LaunchServices.framework/Versions/A/LaunchServices
0x00007fff2e9da000 	/System/Library/Frameworks/CoreServices.framework/Versions/A/Frameworks/DictionaryServices.framework/Versions/A/DictionaryServices
0x00007fff2ed9b000 	/System/Library/Frameworks/CoreServices.framework/Versions/A/Frameworks/SharedFileList.framework/Versions/A/SharedFileList
0x00007fff33c4a000 	/System/Library/Frameworks/NetFS.framework/Versions/A/NetFS
0x00007fff5493b000 	/System/Library/PrivateFrameworks/NetAuth.framework/Versions/A/NetAuth
0x00007fff612ee000 	/System/Library/PrivateFrameworks/login.framework/Versions/A/Frameworks/loginsupport.framework/Versions/A/loginsupport
0x00007fff5dbd3000 	/System/Library/PrivateFrameworks/TCC.framework/Versions/A/TCC
0x00007fff45822000 	/System/Library/PrivateFrameworks/CoreNLP.framework/Versions/A/CoreNLP
0x00007fff53e38000 	/System/Library/PrivateFrameworks/MetadataUtilities.framework/Versions/A/MetadataUtilities
0x00007fff655c6000 	/usr/lib/libmecabra.dylib
0x00007fff6551e000 	/usr/lib/libmecab.dylib
0x00007fff6517a000 	/usr/lib/libgermantok.dylib
0x00007fff6443f000 	/usr/lib/libThaiTokenizer.dylib
0x00007fff63e45000 	/usr/lib/libChineseTokenizer.dylib
0x00007fff28f28000 	/System/Library/Frameworks/Accelerate.framework/Versions/A/Frameworks/vImage.framework/Versions/A/vImage
0x00007fff2a392000 	/System/Library/Frameworks/Accelerate.framework/Versions/A/Frameworks/vecLib.framework/Versions/A/vecLib
0x00007fff2a2cf000 	/System/Library/Frameworks/Accelerate.framework/Versions/A/Frameworks/vecLib.framework/Versions/A/libvMisc.dylib
0x00007fff2a0f7000 	/System/Library/Frameworks/Accelerate.framework/Versions/A/Frameworks/vecLib.framework/Versions/A/libvDSP.dylib
0x00007fff2957f000 	/System/Library/Frameworks/Accelerate.framework/Versions/A/Frameworks/vecLib.framework/Versions/A/libBLAS.dylib
0x00007fff29cbb000 	/System/Library/Frameworks/Accelerate.framework/Versions/A/Frameworks/vecLib.framework/Versions/A/libLAPACK.dylib
0x00007fff2a057000 	/System/Library/Frameworks/Accelerate.framework/Versions/A/Frameworks/vecLib.framework/Versions/A/libLinearAlgebra.dylib
0x00007fff2a0e4000 	/System/Library/Frameworks/Accelerate.framework/Versions/A/Frameworks/vecLib.framework/Versions/A/libSparseBLAS.dylib
0x00007fff2a06d000 	/System/Library/Frameworks/Accelerate.framework/Versions/A/Frameworks/vecLib.framework/Versions/A/libQuadrature.dylib
0x00007fff297e7000 	/System/Library/Frameworks/Accelerate.framework/Versions/A/Frameworks/vecLib.framework/Versions/A/libBNNS.dylib
0x00007fff2a073000 	/System/Library/Frameworks/Accelerate.framework/Versions/A/Frameworks/vecLib.framework/Versions/A/libSparse.dylib
0x00007fff529ac000 	/System/Library/PrivateFrameworks/LanguageModeling.framework/Versions/A/LanguageModeling
0x00007fff451d1000 	/System/Library/PrivateFrameworks/CoreEmoji.framework/Versions/A/CoreEmoji
0x00007fff52aca000 	/System/Library/PrivateFrameworks/LinguisticData.framework/Versions/A/LinguisticData
0x00007fff52a7b000 	/System/Library/PrivateFrameworks/Lexicon.framework/Versions/A/Lexicon
0x00007fff64701000 	/usr/lib/libcmph.dylib
0x00007fff36839000 	/System/Library/Frameworks/OpenDirectory.framework/Versions/A/Frameworks/CFOpenDirectory.framework/Versions/A/CFOpenDirectory
0x00007fff36856000 	/System/Library/Frameworks/OpenDirectory.framework/Versions/A/OpenDirectory
0x00007fff3ec9b000 	/System/Library/PrivateFrameworks/APFS.framework/Versions/A/APFS
0x00007fff39f4a000 	/System/Library/Frameworks/SecurityFoundation.framework/Versions/A/SecurityFoundation
0x00007fff667c7000 	/usr/lib/libutil.dylib
0x00007fff46707000 	/System/Library/PrivateFrameworks/CoreServicesStore.framework/Versions/A/CoreServicesStore
0x00007fff3a001000 	/System/Library/Frameworks/ServiceManagement.framework/Versions/A/ServiceManagement
0x00007fff423bf000 	/System/Library/PrivateFrameworks/BackgroundTaskManagement.framework/Versions/A/BackgroundTaskManagement
0x00007fff668c4000 	/usr/lib/libxslt.1.dylib
0x00007fff41261000 	/System/Library/PrivateFrameworks/AppleSystemInfo.framework/Versions/A/AppleSystemInfo
0x00007fff303d2000 	/System/Library/Frameworks/ImageIO.framework/Versions/A/Resources/libJPEG.dylib
0x00007fff3068f000 	/System/Library/Frameworks/ImageIO.framework/Versions/A/Resources/libTIFF.dylib
0x00007fff30672000 	/System/Library/Frameworks/ImageIO.framework/Versions/A/Resources/libPng.dylib
0x00007fff30314000 	/System/Library/Frameworks/ImageIO.framework/Versions/A/Resources/libGIF.dylib
0x00007fff30318000 	/System/Library/Frameworks/ImageIO.framework/Versions/A/Resources/libJP2.dylib
0x00007fff3068d000 	/System/Library/Frameworks/ImageIO.framework/Versions/A/Resources/libRadiance.dylib
0x00007fff65143000 	/usr/lib/libexpat.1.dylib
0x00007fff40d49000 	/System/Library/PrivateFrameworks/AppleJPEG.framework/Versions/A/AppleJPEG
0x00007fff49a1d000 	/System/Library/PrivateFrameworks/FontServices.framework/libFontParser.dylib
0x00007fff602f0000 	/System/Library/PrivateFrameworks/WatchdogClient.framework/Versions/A/WatchdogClient
0x00007fff52007000 	/System/Library/PrivateFrameworks/IOAccelerator.framework/Versions/A/IOAccelerator
0x00007fff32b9c000 	/System/Library/Frameworks/MetalPerformanceShaders.framework/Versions/A/MetalPerformanceShaders
0x00007fff4e797000 	/System/Library/PrivateFrameworks/GPUWrangler.framework/Versions/A/GPUWrangler
0x00007fff5201c000 	/System/Library/PrivateFrameworks/IOPresentment.framework/Versions/A/IOPresentment
0x00007fff47287000 	/System/Library/PrivateFrameworks/DSExternalDisplay.framework/Versions/A/DSExternalDisplay
0x00007fff371ca000 	/System/Library/Frameworks/OpenGL.framework/Versions/A/Libraries/libCoreFSCache.dylib
0x00007fff328e8000 	/System/Library/Frameworks/MetalPerformanceShaders.framework/Frameworks/MPSCore.framework/Versions/A/MPSCore
0x00007fff32926000 	/System/Library/Frameworks/MetalPerformanceShaders.framework/Frameworks/MPSImage.framework/Versions/A/MPSImage
0x00007fff329ed000 	/System/Library/Frameworks/MetalPerformanceShaders.framework/Frameworks/MPSNeuralNetwork.framework/Versions/A/MPSNeuralNetwork
0x00007fff329b1000 	/System/Library/Frameworks/MetalPerformanceShaders.framework/Frameworks/MPSMatrix.framework/Versions/A/MPSMatrix
0x00007fff32b4c000 	/System/Library/Frameworks/MetalPerformanceShaders.framework/Frameworks/MPSRayIntersector.framework/Versions/A/MPSRayIntersector
0x00007fff329d7000 	/System/Library/Frameworks/MetalPerformanceShaders.framework/Frameworks/MPSNDArray.framework/Versions/A/MPSNDArray
0x00007fff53e85000 	/System/Library/PrivateFrameworks/MetalTools.framework/Versions/A/MetalTools
0x00007fff3fe75000 	/System/Library/PrivateFrameworks/AggregateDictionary.framework/Versions/A/AggregateDictionary
0x00007fff44c19000 	/System/Library/PrivateFrameworks/CoreAnalytics.framework/Versions/A/CoreAnalytics
0x00007fff41180000 	/System/Library/PrivateFrameworks/AppleSauce.framework/Versions/A/AppleSauce
0x00007fff64101000 	/usr/lib/libIOReport.dylib
0x00007fff2f29c000 	/System/Library/Frameworks/CoreVideo.framework/Versions/A/CoreVideo
0x00007fff4fc10000 	/System/Library/PrivateFrameworks/GraphVisualizer.framework/Versions/A/GraphVisualizer
0x00007fff48f63000 	/System/Library/PrivateFrameworks/FaceCore.framework/Versions/A/FaceCore
0x00007fff367e0000 	/System/Library/Frameworks/OpenCL.framework/Versions/A/OpenCL
0x00007fff63f23000 	/usr/lib/libFosl_dynamic.dylib
0x00007fff5535c000 	/System/Library/PrivateFrameworks/OTSVG.framework/Versions/A/OTSVG
0x00007fff2b451000 	/System/Library/Frameworks/ApplicationServices.framework/Versions/A/Frameworks/ATS.framework/Versions/A/Resources/libFontRegistry.dylib
0x00007fff49beb000 	/System/Library/PrivateFrameworks/FontServices.framework/libhvf.dylib
0x00007fff371d5000 	/System/Library/Frameworks/OpenGL.framework/Versions/A/Libraries/libGFXShared.dylib
0x00007fff373b3000 	/System/Library/Frameworks/OpenGL.framework/Versions/A/Libraries/libGLU.dylib
0x00007fff371de000 	/System/Library/Frameworks/OpenGL.framework/Versions/A/Libraries/libGL.dylib
0x00007fff371e9000 	/System/Library/Frameworks/OpenGL.framework/Versions/A/Libraries/libGLImage.dylib
0x00007fff371c7000 	/System/Library/Frameworks/OpenGL.framework/Versions/A/Libraries/libCVMSPluginSupport.dylib
0x00007fff371d0000 	/System/Library/Frameworks/OpenGL.framework/Versions/A/Libraries/libCoreVMClient.dylib
0x00007fff65b95000 	/usr/lib/libncurses.5.4.dylib
0x00007fff2b34d000 	/System/Library/Frameworks/ApplicationServices.framework/Versions/A/Frameworks/ATS.framework/Versions/A/ATS
0x00007fff2b51a000 	/System/Library/Frameworks/ApplicationServices.framework/Versions/A/Frameworks/ColorSyncLegacy.framework/Versions/A/ColorSyncLegacy
0x00007fff2b5b8000 	/System/Library/Frameworks/ApplicationServices.framework/Versions/A/Frameworks/HIServices.framework/Versions/A/HIServices
0x00007fff2b610000 	/System/Library/Frameworks/ApplicationServices.framework/Versions/A/Frameworks/LangAnalysis.framework/Versions/A/LangAnalysis
0x00007fff2b61f000 	/System/Library/Frameworks/ApplicationServices.framework/Versions/A/Frameworks/PrintCore.framework/Versions/A/PrintCore
0x00007fff2b665000 	/System/Library/Frameworks/ApplicationServices.framework/Versions/A/Frameworks/QD.framework/Versions/A/QD
0x00007fff2b670000 	/System/Library/Frameworks/ApplicationServices.framework/Versions/A/Frameworks/SpeechSynthesis.framework/Versions/A/SpeechSynthesis
0x00007fff2b4ea000 	/System/Library/Frameworks/ApplicationServices.framework/Versions/A/Frameworks/ATSUI.framework/Versions/A/ATSUI
0x00007fff64fd9000 	/usr/lib/libcups.2.dylib
0x00007fff31c37000 	/System/Library/Frameworks/Kerberos.framework/Versions/A/Kerberos
0x00007fff2fd78000 	/System/Library/Frameworks/GSS.framework/Versions/A/GSS
0x00007fff66318000 	/usr/lib/libresolv.9.dylib
0x00007fff4fdbd000 	/System/Library/PrivateFrameworks/Heimdal.framework/Versions/A/Heimdal
0x00007fff31c4a000 	/System/Library/Frameworks/Kerberos.framework/Versions/A/Libraries/libHeimdalProxy.dylib
0x00007fff65180000 	/usr/lib/libheimdal-asn1.dylib
0x00007fff440b1000 	/System/Library/PrivateFrameworks/CommonAuth.framework/Versions/A/CommonAuth
0x00007fff412fe000 	/System/Library/PrivateFrameworks/AssertionServices.framework/Versions/A/AssertionServices
0x00007fff41ea1000 	/System/Library/PrivateFrameworks/AudioToolboxCore.framework/Versions/A/AudioToolboxCore
0x00007fff60f9e000 	/System/Library/PrivateFrameworks/caulk.framework/Versions/A/caulk
0x00007fff4246b000 	/System/Library/PrivateFrameworks/BaseBoard.framework/Versions/A/BaseBoard
0x00007fff595c0000 	/System/Library/PrivateFrameworks/RunningBoardServices.framework/Versions/A/RunningBoardServices
0x00007fff565d1000 	/System/Library/PrivateFrameworks/PersistentConnection.framework/Versions/A/PersistentConnection
0x00007fff58fb9000 	/System/Library/PrivateFrameworks/ProtocolBuffer.framework/Versions/A/ProtocolBuffer
0x00007fff440d5000 	/System/Library/PrivateFrameworks/CommonUtilities.framework/Versions/A/CommonUtilities
0x00007fff425f9000 	/System/Library/PrivateFrameworks/Bom.framework/Versions/A/Bom
0x00007fff63dd4000 	/usr/lib/libAudioToolboxUtility.dylib
0x00007fff423c9000 	/System/Library/PrivateFrameworks/Backup.framework/Versions/A/Backup
0x00007fff471a8000 	/System/Library/PrivateFrameworks/CrashReporterSupport.framework/Versions/A/CrashReporterSupport
0x00007fff5b052000 	/System/Library/PrivateFrameworks/Sharing.framework/Versions/A/Sharing
0x00007fff4090c000 	/System/Library/PrivateFrameworks/Apple80211.framework/Versions/A/Apple80211
0x00007fff420e6000 	/System/Library/PrivateFrameworks/AuthKit.framework/Versions/A/AuthKit
0x00007fff46eb5000 	/System/Library/PrivateFrameworks/CoreUtils.framework/Versions/A/CoreUtils
0x00007fff2f2e1000 	/System/Library/Frameworks/CoreWLAN.framework/Versions/A/CoreWLAN
0x00007fff2ff05000 	/System/Library/Frameworks/IOBluetooth.framework/Versions/A/IOBluetooth
0x00007fff5418a000 	/System/Library/PrivateFrameworks/MobileKeyBag.framework/Versions/A/MobileKeyBag
0x00007fff45cba000 	/System/Library/PrivateFrameworks/CorePhoneNumbers.framework/Versions/A/CorePhoneNumbers
0x00007fff40cfc000 	/System/Library/PrivateFrameworks/AppleIDAuthSupport.framework/Versions/A/AppleIDAuthSupport
0x00007fff33c57000 	/System/Library/Frameworks/Network.framework/Versions/A/Network
0x00007fff52858000 	/System/Library/PrivateFrameworks/KeychainCircle.framework/Versions/A/KeychainCircle
0x00007fff2cd31000 	/System/Library/Frameworks/CoreBluetooth.framework/Versions/A/CoreBluetooth
0x00007fff5d0d1000 	/System/Library/PrivateFrameworks/SpeechRecognitionCore.framework/Versions/A/SpeechRecognitionCore
0x0000000106000000 	/Users/david/.gradle/jdks/jdk-11.0.10+9/Contents/Home/lib/server/libjvm.dylib
0x0000000104e0e000 	/Users/david/.gradle/jdks/jdk-11.0.10+9/Contents/Home/lib/libverify.dylib
0x0000000104e1f000 	/Users/david/.gradle/jdks/jdk-11.0.10+9/Contents/Home/lib/libjava.dylib
0x0000000104e4c000 	/Users/david/.gradle/jdks/jdk-11.0.10+9/Contents/Home/lib/libjimage.dylib
0x0000000104e5a000 	/Users/david/.gradle/jdks/jdk-11.0.10+9/Contents/Home/lib/libinstrument.dylib
0x0000000104eb2000 	/Users/david/.gradle/jdks/jdk-11.0.10+9/Contents/Home/lib/libzip.dylib
0x0000000104fc4000 	/Users/david/.gradle/jdks/jdk-11.0.10+9/Contents/Home/lib/libnio.dylib
0x0000000104fd7000 	/Users/david/.gradle/jdks/jdk-11.0.10+9/Contents/Home/lib/libnet.dylib
0x0000000104ff0000 	/Users/david/.gradle/jdks/jdk-11.0.10+9/Contents/Home/lib/libextnet.dylib
0x00000001116a4000 	/private/var/folders/b5/6mzv16jn359_j0pdmghf6dcr0000gn/T/lwjgldavid/3.2.3-build-13/liblwjgl.dylib
0x00000001118cc000 	/private/var/folders/b5/6mzv16jn359_j0pdmghf6dcr0000gn/T/lwjgldavid/3.2.3-build-13/libglfw.dylib
0x00007fff466d3000 	/System/Library/PrivateFrameworks/CoreServicesInternal.framework/Versions/A/CoreServicesInternal
0x00007fff2f800000 	/System/Library/Frameworks/FileProvider.framework/Versions/A/FileProvider
0x00007fff2a393000 	/System/Library/Frameworks/Accounts.framework/Versions/A/Accounts
0x00007fff4eabc000 	/System/Library/PrivateFrameworks/GenerationalStorage.framework/Versions/A/GenerationalStorage
0x00007fff46c5a000 	/System/Library/PrivateFrameworks/CoreSymbolication.framework/Versions/A/CoreSymbolication
0x00007fff5d913000 	/System/Library/PrivateFrameworks/SymptomDiagnosticReporter.framework/Versions/A/SymptomDiagnosticReporter
0x00007fff40410000 	/System/Library/PrivateFrameworks/AppContainer.framework/Versions/A/AppContainer
0x00007fff66332000 	/usr/lib/libsandbox.1.dylib
0x00007fff5f293000 	/System/Library/PrivateFrameworks/UserManagement.framework/Versions/A/UserManagement
0x00007fff431b5000 	/System/Library/PrivateFrameworks/ChunkingLibrary.framework/Versions/A/ChunkingLibrary
0x00007fff473dc000 	/System/Library/PrivateFrameworks/DebugSymbols.framework/Versions/A/DebugSymbols
0x00007fff40482000 	/System/Library/PrivateFrameworks/AppSandbox.framework/Versions/A/AppSandbox
0x00007fff5aedc000 	/System/Library/PrivateFrameworks/SecCodeWrapper.framework/Versions/A/SecCodeWrapper
0x00007fff641e9000 	/usr/lib/libMatch.1.dylib
0x00007fff28f11000 	/System/Library/Frameworks/Accelerate.framework/Versions/A/Frameworks/vImage.framework/Versions/A/Libraries/libCGInterfaces.dylib
0x00007fff49b54000 	/System/Library/PrivateFrameworks/FontServices.framework/libTrueTypeScaler.dylib
0x00007fff25c89000 	/System/Library/Extensions/AppleIntelKBLGraphicsMTLDriver.bundle/Contents/MacOS/AppleIntelKBLGraphicsMTLDriver
0x00007fff205cb000 	/System/Library/Extensions/AMDMTLBronzeDriver.bundle/Contents/MacOS/AMDMTLBronzeDriver
0x00007fff51ffd000 	/System/Library/PrivateFrameworks/IOAccelMemoryInfo.framework/Versions/A/IOAccelMemoryInfo
0x00007fff4d0dc000 	/System/Library/PrivateFrameworks/GPUCompiler.framework/Versions/3902/Libraries/libmetal_timestamp.dylib


VM Arguments:
jvm_args: -Djava.library.path=/Users/david/workspace/perso/trijam-135/build/classes/kotlin/jvm/main:/Users/david/workspace/perso/trijam-135/build/processedResources/jvm/main:/Users/david/workspace/perso/3d-skeleton/build/classes/kotlin/jvm/main:/Users/david/workspace/perso/3d-skeleton/build/processedResources/jvm/main -javaagent:/Users/david/Library/Application Support/JetBrains/Toolbox/apps/IDEA-U/ch-0/212.5080.55/IntelliJ IDEA.app/Contents/lib/idea_rt.jar=50906:/Users/david/Library/Application Support/JetBrains/Toolbox/apps/IDEA-U/ch-0/212.5080.55/IntelliJ IDEA.app/Contents/bin -Dfile.encoding=UTF-8 
java_command: your.game.Main
java_class_path (initial): /Users/david/workspace/perso/trijam-135/build/classes/kotlin/jvm/main:/Users/david/workspace/perso/trijam-135/build/processedResources/jvm/main:/Users/david/.gradle/caches/modules-2/files-2.1/org.jetbrains.kotlin/kotlin-stdlib-jdk8/1.4.20/756521338269950c2a276f1abe6fef8e1a5e5528/kotlin-stdlib-jdk8-1.4.20.jar:/Users/david/workspace/perso/3d-skeleton/build/classes/kotlin/jvm/main:/Users/david/workspace/perso/3d-skeleton/build/processedResources/jvm/main:/Users/david/.gradle/caches/modules-2/files-2.1/com.github.minigdx/minigdx-jvm/LATEST-SNAPSHOT/7caa279f53d8d79ecb5e268a56d70755e3c786af/minigdx-jvm-LATEST-SNAPSHOT.jar:/Users/david/.gradle/caches/modules-2/files-2.1/com.github.minigdx/minigdx-metadata/LATEST-SNAPSHOT/c20ae70ca9d002752c2de5ca0e31870b83fe06d4/minigdx-metadata-LATEST-SNAPSHOT.jar:/Users/david/.gradle/caches/modules-2/files-2.1/org.jetbrains.kotlin/kotlin-stdlib-common/1.4.20/c6761d7805b5312302f2bbd78cda68c976ce0c70/kotlin-stdlib-common-1.4.20.jar:/Users/david/.gradle/caches/modules-2/files-2.1/org.jetbrains.kotlin/kotlin-stdlib-jdk7/1.4.20/9de2c79e95d4b4699a455e88ba285a95352e0bea/kotlin-stdlib-jdk7-1.4.20.jar:/Users/david/.gradle/caches/modules-2/files-2.1/org.jetbrains.kotlin/kotlin-reflect/1.4.20/411fc46e908bfa9c034f52b0d31b2e1f61f06127/kotlin-reflect-1.4.20.jar:/Users/david/.gradle/caches/modules-2/files-2.1/org.jetbrains.kotlin/kotlin-stdlib/1.4.20/9be77b243a362b745e365f286627b8724337009c/kotlin-stdlib-1.4.20.jar:/Users/david/.gradle/caches/modules-2/files-2.1/com.github.minigdx/gltf-api/LATEST-SNAPSHOT/10e29b8a7852b2d9e4970302df1dd1186b965050/gltf-api-LATEST-SNAPSHOT.jar:/Users/david/.gradle/caches/modules-2/files-2.1/com.github.minigdx/kotlin-math-jvm/LATEST-SNAPSHOT/d6541869500f7a61946f4b633b6a957938db69aa/kotlin-math-jvm-LATEST-SNAPSHOT.jar:/Users/david/.gradle/caches/modules-2/files-2.1/io.imgui.java/lwjgl3/1.77-0.16/cbff4b724b31b2ecd696c63d219dc0f065bd3762/lwjgl3-1.77-0.16.jar:/Users/david/.gradle/caches/modules-2/fi
Launcher Type: SUN_STANDARD

[Global flags]
     intx CICompilerCount                          = 4                                         {product} {ergonomic}
     uint ConcGCThreads                            = 2                                         {product} {ergonomic}
     uint G1ConcRefinementThreads                  = 8                                         {product} {ergonomic}
   size_t G1HeapRegionSize                         = 1048576                                   {product} {ergonomic}
    uintx GCDrainStackTargetSize                   = 64                                        {product} {ergonomic}
   size_t InitialHeapSize                          = 268435456                                 {product} {ergonomic}
   size_t MarkStackSize                            = 4194304                                   {product} {ergonomic}
   size_t MaxHeapSize                              = 4294967296                                {product} {ergonomic}
   size_t MaxNewSize                               = 2576351232                                {product} {ergonomic}
   size_t MinHeapDeltaBytes                        = 1048576                                   {product} {ergonomic}
    uintx NonNMethodCodeHeapSize                   = 5836300                                {pd product} {ergonomic}
    uintx NonProfiledCodeHeapSize                  = 122910970                              {pd product} {ergonomic}
    uintx ProfiledCodeHeapSize                     = 122910970                              {pd product} {ergonomic}
    uintx ReservedCodeCacheSize                    = 251658240                              {pd product} {ergonomic}
     bool SegmentedCodeCache                       = true                                      {product} {ergonomic}
     bool UseCompressedClassPointers               = true                                 {lp64_product} {ergonomic}
     bool UseCompressedOops                        = true                                 {lp64_product} {ergonomic}
     bool UseG1GC                                  = true                                      {product} {ergonomic}

Logging:
Log output configuration:
 #0: stdout all=warning uptime,level,tags
 #1: stderr all=off uptime,level,tags

Environment Variables:
JAVA_HOME=/Users/david/.gradle/jdks/jdk-11.0.10+9/Contents/Home
PATH=/Users/david/.pyenv/shims:/Users/david/.pyenv/shims:/Users/david/.rvm/gems/ruby-2.6.3/bin:/Users/david/.rvm/gems/ruby-2.6.3@global/bin:/Users/david/.rvm/rubies/ruby-2.6.3/bin:/Users/david/.nvm/versions/node/v10.14.2/bin:/Users/david/.yarn/bin:/Users/david/.config/yarn/global/node_modules/.bin:/Users/david/.asdf/shims:/Users/david/.asdf/bin:/usr/local/bin:/usr/bin:/bin:/usr/sbin:/sbin:/Users/david/node_modules/.bin:/Users/david/.cargo/bin:/Users/david/Library/Python/2.7/bin:/Users/david/.margobank/bin:/Users/david/node_modules/.bin:/Users/david/Applications/packer:/Users/david/.rvm/bin:/Users/david/.memobank/bin/:/Users/david/Library/Android/sdk/platform-tools
SHELL=/bin/zsh
LC_CTYPE=

Signal Handlers:
SIGSEGV: [libjvm.dylib+0x7b893a], sa_mask[0]=11111111011111110111111111111111, sa_flags=SA_ONSTACK|SA_RESTART|SA_SIGINFO
SIGBUS: [libjvm.dylib+0x7b893a], sa_mask[0]=11111111011111110111111111111111, sa_flags=SA_RESTART|SA_SIGINFO
SIGFPE: [libjvm.dylib+0x7b893a], sa_mask[0]=11111111011111110111111111111111, sa_flags=SA_RESTART|SA_SIGINFO
SIGPIPE: [libjvm.dylib+0x61e7db], sa_mask[0]=11111111011111110111111111111111, sa_flags=SA_RESTART|SA_SIGINFO
SIGXFSZ: [libjvm.dylib+0x61e7db], sa_mask[0]=11111111011111110111111111111111, sa_flags=SA_RESTART|SA_SIGINFO
SIGILL: [libjvm.dylib+0x7b893a], sa_mask[0]=11111111011111110111111111111111, sa_flags=SA_RESTART|SA_SIGINFO
SIGUSR2: [libjvm.dylib+0x61edc3], sa_mask[0]=00100000000000000000000000000000, sa_flags=SA_RESTART|SA_SIGINFO
SIGHUP: [libjvm.dylib+0x61d909], sa_mask[0]=11111111011111110111111111111111, sa_flags=SA_RESTART|SA_SIGINFO
SIGINT: [libjvm.dylib+0x61d909], sa_mask[0]=11111111011111110111111111111111, sa_flags=SA_RESTART|SA_SIGINFO
SIGTERM: [libjvm.dylib+0x61d909], sa_mask[0]=11111111011111110111111111111111, sa_flags=SA_RESTART|SA_SIGINFO
SIGQUIT: [libjvm.dylib+0x61d909], sa_mask[0]=11111111011111110111111111111111, sa_flags=SA_RESTART|SA_SIGINFO


---------------  S Y S T E M  ---------------

OS:uname:Darwin 19.6.0 Darwin Kernel Version 19.6.0: Tue Jun 22 19:49:55 PDT 2021; root:xnu-6153.141.35~1/RELEASE_X86_64 x86_64
OS uptime: 0 days 1:32 hours
rlimit (soft/hard): STACK 8192k/65532k , CORE 0k/infinity , NPROC 2784/4176 , NOFILE 10240/infinity , AS infinity/infinity , CPU infinity/infinity , DATA infinity/infinity , FSIZE infinity/infinity , MEMLOCK infinity/infinity , RSS infinity/infinity
load average:4.11 2.94 2.41

CPU:total 8 (initial active 8) (4 cores per cpu, 2 threads per core) family 6 model 158 stepping 9 microcode 0xea, cmov, cx8, fxsr, mmx, sse, sse2, sse3, ssse3, sse4.1, sse4.2, popcnt, avx, avx2, aes, clmul, erms, 3dnowpref, lzcnt, ht, tsc, tscinvbit, bmi1, bmi2, adx, fma

Memory: 4k page, physical 16777216k(224360k free), swap 2097152k(1474304k free)

vm_info: OpenJDK 64-Bit Server VM (11.0.10+9) for bsd-amd64 JRE (11.0.10+9), built on Jan 20 2021 11:55:30 by "jenkins" with gcc 4.2.1 Compatible Apple LLVM 10.0.1 (clang-1001.0.46.4)

END.
